# JRE version: Java(TM) SE Runtime Environment (8.0_11-b12) (build 1.8.0_11-b12)
# Java VM: Java HotSpot(TM) 64-Bit Server VM (25.11-b03 mixed mode windows-amd64 compressed oops)
Heap:
 PSYoungGen      total 262656K, used 80860K [0x00000000eab00000, 0x00000000ff580000, 0x0000000100000000)
  eden space 190976K, 32% used [0x00000000eab00000,0x00000000ee84d040,0x00000000f6580000)
  from space 71680K, 25% used [0x00000000f6580000,0x00000000f772a1d0,0x00000000fab80000)
  to   space 68096K, 0% used [0x00000000fb300000,0x00000000fb300000,0x00000000ff580000)
 ParOldGen       total 601088K, used 219626K [0x00000000c0000000, 0x00000000e4b00000, 0x00000000eab00000)
  object space 601088K, 36% used [0x00000000c0000000,0x00000000cd67ab60,0x00000000e4b00000)
 Metaspace       used 206454K, capacity 217780K, committed 242048K, reserved 1236992K
  class space    used 29277K, capacity 32943K, committed 55168K, reserved 1048576K
GC Heap History (10 events):
Event: 33934.876 GC heap before
{Heap before GC invocations=737 (full 107):
 PSYoungGen      total 264192K, used 209906K [0x00000000eab00000, 0x00000000ffe00000, 0x0000000100000000)
  eden space 180736K, 100% used [0x00000000eab00000,0x00000000f5b80000,0x00000000f5b80000)
  from space 83456K, 34% used [0x00000000f5b80000,0x00000000f77fc948,0x00000000fad00000)
  to   space 78336K, 0% used [0x00000000fb180000,0x00000000fb180000,0x00000000ffe00000)
 ParOldGen       total 601088K, used 434876K [0x00000000c0000000, 0x00000000e4b00000, 0x00000000eab00000)
  object space 601088K, 72% used [0x00000000c0000000,0x00000000da8af078,0x00000000e4b00000)
 Metaspace       used 198527K, capacity 211420K, committed 234112K, reserved 1228800K
  class space    used 28490K, capacity 32662K, committed 55168K, reserved 1048576K
Event: 33934.979 GC heap after
Heap after GC invocations=737 (full 107):
 PSYoungGen      total 258560K, used 11968K [0x00000000eab00000, 0x00000000ff700000, 0x0000000100000000)
  eden space 187392K, 0% used [0x00000000eab00000,0x00000000eab00000,0x00000000f6200000)
  from space 71168K, 16% used [0x00000000fb180000,0x00000000fbd30000,0x00000000ff700000)
  to   space 76288K, 0% used [0x00000000f6200000,0x00000000f6200000,0x00000000fac80000)
 ParOldGen       total 601088K, used 462394K [0x00000000c0000000, 0x00000000e4b00000, 0x00000000eab00000)
  object space 601088K, 76% used [0x00000000c0000000,0x00000000dc38e8f8,0x00000000e4b00000)
 Metaspace       used 198527K, capacity 211420K, committed 234112K, reserved 1228800K
  class space    used 28490K, capacity 32662K, committed 55168K, reserved 1048576K
}
Event: 34011.091 GC heap before
{Heap before GC invocations=738 (full 107):
 PSYoungGen      total 258560K, used 183093K [0x00000000eab00000, 0x00000000ff700000, 0x0000000100000000)
  eden space 187392K, 91% used [0x00000000eab00000,0x00000000f521d798,0x00000000f6200000)
  from space 71168K, 16% used [0x00000000fb180000,0x00000000fbd30000,0x00000000ff700000)
  to   space 76288K, 0% used [0x00000000f6200000,0x00000000f6200000,0x00000000fac80000)
 ParOldGen       total 601088K, used 462394K [0x00000000c0000000, 0x00000000e4b00000, 0x00000000eab00000)
  object space 601088K, 76% used [0x00000000c0000000,0x00000000dc38e8f8,0x00000000e4b00000)
 Metaspace       used 200215K, capacity 213188K, committed 235392K, reserved 1228800K
  class space    used 28783K, capacity 32998K, committed 55168K, reserved 1048576K
Event: 34011.138 GC heap after
Heap after GC invocations=738 (full 107):
 PSYoungGen      total 193024K, used 5305K [0x00000000eab00000, 0x00000000ff500000, 0x0000000100000000)
  eden space 187392K, 0% used [0x00000000eab00000,0x00000000eab00000,0x00000000f6200000)
  from space 5632K, 94% used [0x00000000f6200000,0x00000000f672e5f0,0x00000000f6780000)
  to   space 75264K, 0% used [0x00000000fab80000,0x00000000fab80000,0x00000000ff500000)
 ParOldGen       total 601088K, used 470106K [0x00000000c0000000, 0x00000000e4b00000, 0x00000000eab00000)
  object space 601088K, 78% used [0x00000000c0000000,0x00000000dcb168f8,0x00000000e4b00000)
 Metaspace       used 200215K, capacity 213188K, committed 235392K, reserved 1228800K
  class space    used 28783K, capacity 32998K, committed 55168K, reserved 1048576K
}
Event: 34011.138 GC heap before
{Heap before GC invocations=739 (full 108):
 PSYoungGen      total 193024K, used 5305K [0x00000000eab00000, 0x00000000ff500000, 0x0000000100000000)
  eden space 187392K, 0% used [0x00000000eab00000,0x00000000eab00000,0x00000000f6200000)
  from space 5632K, 94% used [0x00000000f6200000,0x00000000f672e5f0,0x00000000f6780000)
  to   space 75264K, 0% used [0x00000000fab80000,0x00000000fab80000,0x00000000ff500000)
 ParOldGen       total 601088K, used 470106K [0x00000000c0000000, 0x00000000e4b00000, 0x00000000eab00000)
  object space 601088K, 78% used [0x00000000c0000000,0x00000000dcb168f8,0x00000000e4b00000)
 Metaspace       used 200215K, capacity 213188K, committed 235392K, reserved 1228800K
  class space    used 28783K, capacity 32998K, committed 55168K, reserved 1048576K
Event: 34011.924 GC heap after
Heap after GC invocations=739 (full 108):
 PSYoungGen      total 193024K, used 0K [0x00000000eab00000, 0x00000000ff500000, 0x0000000100000000)
  eden space 187392K, 0% used [0x00000000eab00000,0x00000000eab00000,0x00000000f6200000)
  from space 5632K, 0% used [0x00000000f6200000,0x00000000f6200000,0x00000000f6780000)
  to   space 75264K, 0% used [0x00000000fab80000,0x00000000fab80000,0x00000000ff500000)
 ParOldGen       total 601088K, used 205545K [0x00000000c0000000, 0x00000000e4b00000, 0x00000000eab00000)
  object space 601088K, 34% used [0x00000000c0000000,0x00000000cc8ba498,0x00000000e4b00000)
 Metaspace       used 197986K, capacity 208108K, committed 235392K, reserved 1228800K
  class space    used 27953K, capacity 31213K, committed 55168K, reserved 1048576K
}
Event: 34135.046 GC heap before
{Heap before GC invocations=740 (full 108):
 PSYoungGen      total 193024K, used 187392K [0x00000000eab00000, 0x00000000ff500000, 0x0000000100000000)
  eden space 187392K, 100% used [0x00000000eab00000,0x00000000f6200000,0x00000000f6200000)
  from space 5632K, 0% used [0x00000000f6200000,0x00000000f6200000,0x00000000f6780000)
  to   space 75264K, 0% used [0x00000000fab80000,0x00000000fab80000,0x00000000ff500000)
 ParOldGen       total 601088K, used 205545K [0x00000000c0000000, 0x00000000e4b00000, 0x00000000eab00000)
  object space 601088K, 34% used [0x00000000c0000000,0x00000000cc8ba498,0x00000000e4b00000)
 Metaspace       used 203016K, capacity 213666K, committed 239232K, reserved 1232896K
  class space    used 28685K, capacity 32143K, committed 55168K, reserved 1048576K
Event: 34135.072 GC heap after
Heap after GC invocations=740 (full 108):
 PSYoungGen      total 266240K, used 19711K [0x00000000eab00000, 0x0000000100000000, 0x0000000100000000)
  eden space 190976K, 0% used [0x00000000eab00000,0x00000000eab00000,0x00000000f6580000)
  from space 75264K, 26% used [0x00000000fab80000,0x00000000fbebfde0,0x00000000ff500000)
  to   space 71680K, 0% used [0x00000000f6580000,0x00000000f6580000,0x00000000fab80000)
 ParOldGen       total 601088K, used 205545K [0x00000000c0000000, 0x00000000e4b00000, 0x00000000eab00000)
  object space 601088K, 34% used [0x00000000c0000000,0x00000000cc8ba498,0x00000000e4b00000)
 Metaspace       used 203016K, capacity 213666K, committed 239232K, reserved 1232896K
  class space    used 28685K, capacity 32143K, committed 55168K, reserved 1048576K
}
Event: 34136.060 GC heap before
{Heap before GC invocations=741 (full 108):
 PSYoungGen      total 266240K, used 210687K [0x00000000eab00000, 0x0000000100000000, 0x0000000100000000)
  eden space 190976K, 100% used [0x00000000eab00000,0x00000000f6580000,0x00000000f6580000)
  from space 75264K, 26% used [0x00000000fab80000,0x00000000fbebfde0,0x00000000ff500000)
  to   space 71680K, 0% used [0x00000000f6580000,0x00000000f6580000,0x00000000fab80000)
 ParOldGen       total 601088K, used 205545K [0x00000000c0000000, 0x00000000e4b00000, 0x00000000eab00000)
  object space 601088K, 34% used [0x00000000c0000000,0x00000000cc8ba498,0x00000000e4b00000)
 Metaspace       used 206061K, capacity 217066K, committed 241536K, reserved 1234944K
  class space    used 29177K, capacity 32795K, committed 55168K, reserved 1048576K
Event: 34136.094 GC heap after
Heap after GC invocations=741 (full 108):
 PSYoungGen      total 262656K, used 18088K [0x00000000eab00000, 0x00000000ff580000, 0x0000000100000000)
  eden space 190976K, 0% used [0x00000000eab00000,0x00000000eab00000,0x00000000f6580000)
  from space 71680K, 25% used [0x00000000f6580000,0x00000000f772a1d0,0x00000000fab80000)
  to   space 68096K, 0% used [0x00000000fb300000,0x00000000fb300000,0x00000000ff580000)
 ParOldGen       total 601088K, used 219626K [0x00000000c0000000, 0x00000000e4b00000, 0x00000000eab00000)
  object space 601088K, 36% used [0x00000000c0000000,0x00000000cd67ab60,0x00000000e4b00000)
 Metaspace       used 206061K, capacity 217066K, committed 241536K, reserved 1234944K
  class space    used 29177K, capacity 32795K, committed 55168K, reserved 1048576K
}

