# JRE version: Java(TM) SE Runtime Environment (8.0_11-b12) (build 1.8.0_11-b12)
# Java VM: Java HotSpot(TM) 64-Bit Server VM (25.11-b03 mixed mode windows-amd64 compressed oops)
Heap:
 PSYoungGen      total 189952K, used 48099K [0x00000000eab00000, 0x00000000f8280000, 0x0000000100000000)
  eden space 171520K, 24% used [0x00000000eab00000,0x00000000ed414c90,0x00000000f5280000)
  from space 18432K, 32% used [0x00000000f7080000,0x00000000f7664010,0x00000000f8280000)
  to   space 24576K, 0% used [0x00000000f5280000,0x00000000f5280000,0x00000000f6a80000)
 ParOldGen       total 118784K, used 92873K [0x00000000c0000000, 0x00000000c7400000, 0x00000000eab00000)
  object space 118784K, 78% used [0x00000000c0000000,0x00000000c5ab25a0,0x00000000c7400000)
 Metaspace       used 58219K, capacity 62422K, committed 62592K, reserved 1101824K
  class space    used 8232K, capacity 9559K, committed 9600K, reserved 1048576K
GC Heap History (10 events):
Event: 42.824 GC heap before
{Heap before GC invocations=37 (full 7):
 PSYoungGen      total 158208K, used 158165K [0x00000000eab00000, 0x00000000f6e80000, 0x0000000100000000)
  eden space 141312K, 100% used [0x00000000eab00000,0x00000000f3500000,0x00000000f3500000)
  from space 16896K, 99% used [0x00000000f3500000,0x00000000f4575598,0x00000000f4580000)
  to   space 19968K, 0% used [0x00000000f5b00000,0x00000000f5b00000,0x00000000f6e80000)
 ParOldGen       total 72192K, used 58043K [0x00000000c0000000, 0x00000000c4680000, 0x00000000eab00000)
  object space 72192K, 80% used [0x00000000c0000000,0x00000000c38aef98,0x00000000c4680000)
 Metaspace       used 55963K, capacity 59396K, committed 59520K, reserved 1099776K
  class space    used 7850K, capacity 9068K, committed 9088K, reserved 1048576K
Event: 42.925 GC heap after
Heap after GC invocations=37 (full 7):
 PSYoungGen      total 175104K, used 19941K [0x00000000eab00000, 0x00000000f7780000, 0x0000000100000000)
  eden space 155136K, 0% used [0x00000000eab00000,0x00000000eab00000,0x00000000f4280000)
  from space 19968K, 99% used [0x00000000f5b00000,0x00000000f6e79648,0x00000000f6e80000)
  to   space 25088K, 0% used [0x00000000f4280000,0x00000000f4280000,0x00000000f5b00000)
 ParOldGen       total 72192K, used 63124K [0x00000000c0000000, 0x00000000c4680000, 0x00000000eab00000)
  object space 72192K, 87% used [0x00000000c0000000,0x00000000c3da53a0,0x00000000c4680000)
 Metaspace       used 55963K, capacity 59396K, committed 59520K, reserved 1099776K
  class space    used 7850K, capacity 9068K, committed 9088K, reserved 1048576K
}
Event: 42.925 GC heap before
{Heap before GC invocations=38 (full 8):
 PSYoungGen      total 175104K, used 19941K [0x00000000eab00000, 0x00000000f7780000, 0x0000000100000000)
  eden space 155136K, 0% used [0x00000000eab00000,0x00000000eab00000,0x00000000f4280000)
  from space 19968K, 99% used [0x00000000f5b00000,0x00000000f6e79648,0x00000000f6e80000)
  to   space 25088K, 0% used [0x00000000f4280000,0x00000000f4280000,0x00000000f5b00000)
 ParOldGen       total 72192K, used 63124K [0x00000000c0000000, 0x00000000c4680000, 0x00000000eab00000)
  object space 72192K, 87% used [0x00000000c0000000,0x00000000c3da53a0,0x00000000c4680000)
 Metaspace       used 55963K, capacity 59396K, committed 59520K, reserved 1099776K
  class space    used 7850K, capacity 9068K, committed 9088K, reserved 1048576K
Event: 43.701 GC heap after
Heap after GC invocations=38 (full 8):
 PSYoungGen      total 175104K, used 10153K [0x00000000eab00000, 0x00000000f7780000, 0x0000000100000000)
  eden space 155136K, 0% used [0x00000000eab00000,0x00000000eab00000,0x00000000f4280000)
  from space 19968K, 50% used [0x00000000f5b00000,0x00000000f64ea698,0x00000000f6e80000)
  to   space 25088K, 0% used [0x00000000f4280000,0x00000000f4280000,0x00000000f5b00000)
 ParOldGen       total 93184K, used 71752K [0x00000000c0000000, 0x00000000c5b00000, 0x00000000eab00000)
  object space 93184K, 77% used [0x00000000c0000000,0x00000000c46120f0,0x00000000c5b00000)
 Metaspace       used 55963K, capacity 59396K, committed 59520K, reserved 1099776K
  class space    used 7850K, capacity 9068K, committed 9088K, reserved 1048576K
}
Event: 47.220 GC heap before
{Heap before GC invocations=39 (full 8):
 PSYoungGen      total 175104K, used 165289K [0x00000000eab00000, 0x00000000f7780000, 0x0000000100000000)
  eden space 155136K, 100% used [0x00000000eab00000,0x00000000f4280000,0x00000000f4280000)
  from space 19968K, 50% used [0x00000000f5b00000,0x00000000f64ea698,0x00000000f6e80000)
  to   space 25088K, 0% used [0x00000000f4280000,0x00000000f4280000,0x00000000f5b00000)
 ParOldGen       total 93184K, used 71752K [0x00000000c0000000, 0x00000000c5b00000, 0x00000000eab00000)
  object space 93184K, 77% used [0x00000000c0000000,0x00000000c46120f0,0x00000000c5b00000)
 Metaspace       used 57923K, capacity 61808K, committed 61952K, reserved 1101824K
  class space    used 8179K, capacity 9470K, committed 9472K, reserved 1048576K
Event: 47.605 GC heap after
Heap after GC invocations=39 (full 8):
 PSYoungGen      total 180224K, used 14014K [0x00000000eab00000, 0x00000000f8980000, 0x0000000100000000)
  eden space 155136K, 0% used [0x00000000eab00000,0x00000000eab00000,0x00000000f4280000)
  from space 25088K, 55% used [0x00000000f4280000,0x00000000f502f818,0x00000000f5b00000)
  to   space 25600K, 0% used [0x00000000f7080000,0x00000000f7080000,0x00000000f8980000)
 ParOldGen       total 93184K, used 81887K [0x00000000c0000000, 0x00000000c5b00000, 0x00000000eab00000)
  object space 93184K, 87% used [0x00000000c0000000,0x00000000c4ff7f30,0x00000000c5b00000)
 Metaspace       used 57923K, capacity 61808K, committed 61952K, reserved 1101824K
  class space    used 8179K, capacity 9470K, committed 9472K, reserved 1048576K
}
Event: 47.605 GC heap before
{Heap before GC invocations=40 (full 9):
 PSYoungGen      total 180224K, used 14014K [0x00000000eab00000, 0x00000000f8980000, 0x0000000100000000)
  eden space 155136K, 0% used [0x00000000eab00000,0x00000000eab00000,0x00000000f4280000)
  from space 25088K, 55% used [0x00000000f4280000,0x00000000f502f818,0x00000000f5b00000)
  to   space 25600K, 0% used [0x00000000f7080000,0x00000000f7080000,0x00000000f8980000)
 ParOldGen       total 93184K, used 81887K [0x00000000c0000000, 0x00000000c5b00000, 0x00000000eab00000)
  object space 93184K, 87% used [0x00000000c0000000,0x00000000c4ff7f30,0x00000000c5b00000)
 Metaspace       used 57923K, capacity 61808K, committed 61952K, reserved 1101824K
  class space    used 8179K, capacity 9470K, committed 9472K, reserved 1048576K
Event: 48.309 GC heap after
Heap after GC invocations=40 (full 9):
 PSYoungGen      total 180224K, used 1127K [0x00000000eab00000, 0x00000000f8980000, 0x0000000100000000)
  eden space 155136K, 0% used [0x00000000eab00000,0x00000000eab00000,0x00000000f4280000)
  from space 25088K, 4% used [0x00000000f4280000,0x00000000f4399c58,0x00000000f5b00000)
  to   space 25600K, 0% used [0x00000000f7080000,0x00000000f7080000,0x00000000f8980000)
 ParOldGen       total 118784K, used 92865K [0x00000000c0000000, 0x00000000c7400000, 0x00000000eab00000)
  object space 118784K, 78% used [0x00000000c0000000,0x00000000c5ab05a0,0x00000000c7400000)
 Metaspace       used 57923K, capacity 61808K, committed 61952K, reserved 1101824K
  class space    used 8179K, capacity 9470K, committed 9472K, reserved 1048576K
}
Event: 52.265 GC heap before
{Heap before GC invocations=41 (full 9):
 PSYoungGen      total 180224K, used 156263K [0x00000000eab00000, 0x00000000f8980000, 0x0000000100000000)
  eden space 155136K, 100% used [0x00000000eab00000,0x00000000f4280000,0x00000000f4280000)
  from space 25088K, 4% used [0x00000000f4280000,0x00000000f4399c58,0x00000000f5b00000)
  to   space 25600K, 0% used [0x00000000f7080000,0x00000000f7080000,0x00000000f8980000)
 ParOldGen       total 118784K, used 92865K [0x00000000c0000000, 0x00000000c7400000, 0x00000000eab00000)
  object space 118784K, 78% used [0x00000000c0000000,0x00000000c5ab05a0,0x00000000c7400000)
 Metaspace       used 58154K, capacity 62332K, committed 62592K, reserved 1101824K
  class space    used 8224K, capacity 9544K, committed 9600K, reserved 1048576K
Event: 52.323 GC heap after
Heap after GC invocations=41 (full 9):
 PSYoungGen      total 189952K, used 6032K [0x00000000eab00000, 0x00000000f8280000, 0x0000000100000000)
  eden space 171520K, 0% used [0x00000000eab00000,0x00000000eab00000,0x00000000f5280000)
  from space 18432K, 32% used [0x00000000f7080000,0x00000000f7664010,0x00000000f8280000)
  to   space 24576K, 0% used [0x00000000f5280000,0x00000000f5280000,0x00000000f6a80000)
 ParOldGen       total 118784K, used 92873K [0x00000000c0000000, 0x00000000c7400000, 0x00000000eab00000)
  object space 118784K, 78% used [0x00000000c0000000,0x00000000c5ab25a0,0x00000000c7400000)
 Metaspace       used 58154K, capacity 62332K, committed 62592K, reserved 1101824K
  class space    used 8224K, capacity 9544K, committed 9600K, reserved 1048576K
}

