# JRE version: Java(TM) SE Runtime Environment (8.0_11-b12) (build 1.8.0_11-b12)
# Java VM: Java HotSpot(TM) 64-Bit Server VM (25.11-b03 mixed mode windows-amd64 compressed oops)
Heap:
 PSYoungGen      total 229888K, used 76984K [0x00000000eab00000, 0x00000000ff200000, 0x0000000100000000)
  eden space 123392K, 45% used [0x00000000eab00000,0x00000000ee185cc0,0x00000000f2380000)
  from space 106496K, 19% used [0x00000000f8a00000,0x00000000f9ea8518,0x00000000ff200000)
  to   space 104960K, 0% used [0x00000000f2380000,0x00000000f2380000,0x00000000f8a00000)
 ParOldGen       total 363520K, used 162979K [0x00000000c0000000, 0x00000000d6300000, 0x00000000eab00000)
  object space 363520K, 44% used [0x00000000c0000000,0x00000000c9f28c18,0x00000000d6300000)
 Metaspace       used 136412K, capacity 143866K, committed 144256K, reserved 1171456K
  class space    used 19183K, capacity 21503K, committed 21632K, reserved 1048576K
GC Heap History (10 events):
Event: 11909.002 GC heap before
{Heap before GC invocations=127 (full 24):
 PSYoungGen      total 232960K, used 99850K [0x00000000eab00000, 0x0000000100000000, 0x0000000100000000)
  eden space 116736K, 85% used [0x00000000eab00000,0x00000000f0c82bc0,0x00000000f1d00000)
  from space 116224K, 0% used [0x00000000f8e80000,0x00000000f8e80000,0x0000000100000000)
  to   space 116224K, 0% used [0x00000000f1d00000,0x00000000f1d00000,0x00000000f8e80000)
 ParOldGen       total 363520K, used 250109K [0x00000000c0000000, 0x00000000d6300000, 0x00000000eab00000)
  object space 363520K, 68% used [0x00000000c0000000,0x00000000cf43f668,0x00000000d6300000)
 Metaspace       used 127917K, capacity 134180K, committed 135680K, reserved 1165312K
  class space    used 17859K, capacity 19771K, committed 20224K, reserved 1048576K
Event: 11909.020 GC heap after
Heap after GC invocations=127 (full 24):
 PSYoungGen      total 232960K, used 4218K [0x00000000eab00000, 0x0000000100000000, 0x0000000100000000)
  eden space 116736K, 0% used [0x00000000eab00000,0x00000000eab00000,0x00000000f1d00000)
  from space 116224K, 3% used [0x00000000f1d00000,0x00000000f211ebb8,0x00000000f8e80000)
  to   space 116224K, 0% used [0x00000000f8e80000,0x00000000f8e80000,0x0000000100000000)
 ParOldGen       total 363520K, used 250117K [0x00000000c0000000, 0x00000000d6300000, 0x00000000eab00000)
  object space 363520K, 68% used [0x00000000c0000000,0x00000000cf441668,0x00000000d6300000)
 Metaspace       used 127917K, capacity 134180K, committed 135680K, reserved 1165312K
  class space    used 17859K, capacity 19771K, committed 20224K, reserved 1048576K
}
Event: 11909.020 GC heap before
{Heap before GC invocations=128 (full 25):
 PSYoungGen      total 232960K, used 4218K [0x00000000eab00000, 0x0000000100000000, 0x0000000100000000)
  eden space 116736K, 0% used [0x00000000eab00000,0x00000000eab00000,0x00000000f1d00000)
  from space 116224K, 3% used [0x00000000f1d00000,0x00000000f211ebb8,0x00000000f8e80000)
  to   space 116224K, 0% used [0x00000000f8e80000,0x00000000f8e80000,0x0000000100000000)
 ParOldGen       total 363520K, used 250117K [0x00000000c0000000, 0x00000000d6300000, 0x00000000eab00000)
  object space 363520K, 68% used [0x00000000c0000000,0x00000000cf441668,0x00000000d6300000)
 Metaspace       used 127917K, capacity 134180K, committed 135680K, reserved 1165312K
  class space    used 17859K, capacity 19771K, committed 20224K, reserved 1048576K
Event: 11909.740 GC heap after
Heap after GC invocations=128 (full 25):
 PSYoungGen      total 232960K, used 0K [0x00000000eab00000, 0x0000000100000000, 0x0000000100000000)
  eden space 116736K, 0% used [0x00000000eab00000,0x00000000eab00000,0x00000000f1d00000)
  from space 116224K, 0% used [0x00000000f1d00000,0x00000000f1d00000,0x00000000f8e80000)
  to   space 116224K, 0% used [0x00000000f8e80000,0x00000000f8e80000,0x0000000100000000)
 ParOldGen       total 363520K, used 154476K [0x00000000c0000000, 0x00000000d6300000, 0x00000000eab00000)
  object space 363520K, 42% used [0x00000000c0000000,0x00000000c96db118,0x00000000d6300000)
 Metaspace       used 127917K, capacity 134180K, committed 135680K, reserved 1165312K
  class space    used 17859K, capacity 19771K, committed 20224K, reserved 1048576K
}
Event: 12220.734 GC heap before
{Heap before GC invocations=129 (full 25):
 PSYoungGen      total 232960K, used 116736K [0x00000000eab00000, 0x0000000100000000, 0x0000000100000000)
  eden space 116736K, 100% used [0x00000000eab00000,0x00000000f1d00000,0x00000000f1d00000)
  from space 116224K, 0% used [0x00000000f1d00000,0x00000000f1d00000,0x00000000f8e80000)
  to   space 116224K, 0% used [0x00000000f8e80000,0x00000000f8e80000,0x0000000100000000)
 ParOldGen       total 363520K, used 154476K [0x00000000c0000000, 0x00000000d6300000, 0x00000000eab00000)
  object space 363520K, 42% used [0x00000000c0000000,0x00000000c96db118,0x00000000d6300000)
 Metaspace       used 132124K, capacity 138822K, committed 139904K, reserved 1169408K
  class space    used 18461K, capacity 20540K, committed 20864K, reserved 1048576K
Event: 12220.747 GC heap after
Heap after GC invocations=129 (full 25):
 PSYoungGen      total 232960K, used 13302K [0x00000000eab00000, 0x0000000100000000, 0x0000000100000000)
  eden space 116736K, 0% used [0x00000000eab00000,0x00000000eab00000,0x00000000f1d00000)
  from space 116224K, 11% used [0x00000000f8e80000,0x00000000f9b7dbd0,0x0000000100000000)
  to   space 116224K, 0% used [0x00000000f1d00000,0x00000000f1d00000,0x00000000f8e80000)
 ParOldGen       total 363520K, used 154484K [0x00000000c0000000, 0x00000000d6300000, 0x00000000eab00000)
  object space 363520K, 42% used [0x00000000c0000000,0x00000000c96dd118,0x00000000d6300000)
 Metaspace       used 132124K, capacity 138822K, committed 139904K, reserved 1169408K
  class space    used 18461K, capacity 20540K, committed 20864K, reserved 1048576K
}
Event: 12221.467 GC heap before
{Heap before GC invocations=130 (full 25):
 PSYoungGen      total 232960K, used 130038K [0x00000000eab00000, 0x0000000100000000, 0x0000000100000000)
  eden space 116736K, 100% used [0x00000000eab00000,0x00000000f1d00000,0x00000000f1d00000)
  from space 116224K, 11% used [0x00000000f8e80000,0x00000000f9b7dbd0,0x0000000100000000)
  to   space 116224K, 0% used [0x00000000f1d00000,0x00000000f1d00000,0x00000000f8e80000)
 ParOldGen       total 363520K, used 154484K [0x00000000c0000000, 0x00000000d6300000, 0x00000000eab00000)
  object space 363520K, 42% used [0x00000000c0000000,0x00000000c96dd118,0x00000000d6300000)
 Metaspace       used 134182K, capacity 141048K, committed 142080K, reserved 1169408K
  class space    used 18784K, capacity 20916K, committed 21248K, reserved 1048576K
Event: 12221.483 GC heap after
Heap after GC invocations=130 (full 25):
 PSYoungGen      total 129536K, used 12333K [0x00000000eab00000, 0x00000000ff700000, 0x0000000100000000)
  eden space 116736K, 0% used [0x00000000eab00000,0x00000000eab00000,0x00000000f1d00000)
  from space 12800K, 96% used [0x00000000f1d00000,0x00000000f290b448,0x00000000f2980000)
  to   space 111616K, 0% used [0x00000000f8a00000,0x00000000f8a00000,0x00000000ff700000)
 ParOldGen       total 363520K, used 162971K [0x00000000c0000000, 0x00000000d6300000, 0x00000000eab00000)
  object space 363520K, 44% used [0x00000000c0000000,0x00000000c9f26c18,0x00000000d6300000)
 Metaspace       used 134182K, capacity 141048K, committed 142080K, reserved 1169408K
  class space    used 18784K, capacity 20916K, committed 21248K, reserved 1048576K
}
Event: 12222.159 GC heap before
{Heap before GC invocations=131 (full 25):
 PSYoungGen      total 129536K, used 129069K [0x00000000eab00000, 0x00000000ff700000, 0x0000000100000000)
  eden space 116736K, 100% used [0x00000000eab00000,0x00000000f1d00000,0x00000000f1d00000)
  from space 12800K, 96% used [0x00000000f1d00000,0x00000000f290b448,0x00000000f2980000)
  to   space 111616K, 0% used [0x00000000f8a00000,0x00000000f8a00000,0x00000000ff700000)
 ParOldGen       total 363520K, used 162971K [0x00000000c0000000, 0x00000000d6300000, 0x00000000eab00000)
  object space 363520K, 44% used [0x00000000c0000000,0x00000000c9f26c18,0x00000000d6300000)
 Metaspace       used 135908K, capacity 143046K, committed 143616K, reserved 1171456K
  class space    used 19066K, capacity 21316K, committed 21504K, reserved 1048576K
Event: 12222.177 GC heap after
Heap after GC invocations=131 (full 25):
 PSYoungGen      total 229888K, used 21153K [0x00000000eab00000, 0x00000000ff200000, 0x0000000100000000)
  eden space 123392K, 0% used [0x00000000eab00000,0x00000000eab00000,0x00000000f2380000)
  from space 106496K, 19% used [0x00000000f8a00000,0x00000000f9ea8518,0x00000000ff200000)
  to   space 104960K, 0% used [0x00000000f2380000,0x00000000f2380000,0x00000000f8a00000)
 ParOldGen       total 363520K, used 162979K [0x00000000c0000000, 0x00000000d6300000, 0x00000000eab00000)
  object space 363520K, 44% used [0x00000000c0000000,0x00000000c9f28c18,0x00000000d6300000)
 Metaspace       used 135908K, capacity 143046K, committed 143616K, reserved 1171456K
  class space    used 19066K, capacity 21316K, committed 21504K, reserved 1048576K
}

