# JRE version: Java(TM) SE Runtime Environment (8.0_11-b12) (build 1.8.0_11-b12)
# Java VM: Java HotSpot(TM) 64-Bit Server VM (25.11-b03 mixed mode windows-amd64 compressed oops)
Heap:
 PSYoungGen      total 266240K, used 52918K [0x00000000eab00000, 0x00000000ff380000, 0x0000000100000000)
  eden space 194048K, 18% used [0x00000000eab00000,0x00000000ecdabb90,0x00000000f6880000)
  from space 72192K, 24% used [0x00000000f6880000,0x00000000f7981d70,0x00000000faf00000)
  to   space 68096K, 0% used [0x00000000fb100000,0x00000000fb100000,0x00000000ff380000)
 ParOldGen       total 462336K, used 85258K [0x00000000c0000000, 0x00000000dc380000, 0x00000000eab00000)
  object space 462336K, 18% used [0x00000000c0000000,0x00000000c53429d8,0x00000000dc380000)
 Metaspace       used 73233K, capacity 77774K, committed 155392K, reserved 1171456K
  class space    used 10106K, capacity 11507K, committed 33536K, reserved 1048576K
GC Heap History (10 events):
Event: 18409.692 GC heap before
{Heap before GC invocations=309 (full 47):
 PSYoungGen      total 267264K, used 200320K [0x00000000eab00000, 0x0000000100000000, 0x0000000100000000)
  eden space 186368K, 100% used [0x00000000eab00000,0x00000000f6100000,0x00000000f6100000)
  from space 80896K, 17% used [0x00000000f6100000,0x00000000f6ea0000,0x00000000fb000000)
  to   space 78848K, 0% used [0x00000000fb300000,0x00000000fb300000,0x0000000100000000)
 ParOldGen       total 462336K, used 359142K [0x00000000c0000000, 0x00000000dc380000, 0x00000000eab00000)
  object space 462336K, 77% used [0x00000000c0000000,0x00000000d5eb9b98,0x00000000dc380000)
 Metaspace       used 63944K, capacity 67296K, committed 155392K, reserved 1171456K
  class space    used 8645K, capacity 9663K, committed 33536K, reserved 1048576K
Event: 18409.718 GC heap after
Heap after GC invocations=309 (full 47):
 PSYoungGen      total 264192K, used 4543K [0x00000000eab00000, 0x00000000ffc00000, 0x0000000100000000)
  eden space 189440K, 0% used [0x00000000eab00000,0x00000000eab00000,0x00000000f6400000)
  from space 74752K, 6% used [0x00000000fb300000,0x00000000fb76ff90,0x00000000ffc00000)
  to   space 77824K, 0% used [0x00000000f6400000,0x00000000f6400000,0x00000000fb000000)
 ParOldGen       total 462336K, used 368070K [0x00000000c0000000, 0x00000000dc380000, 0x00000000eab00000)
  object space 462336K, 79% used [0x00000000c0000000,0x00000000d6771b98,0x00000000dc380000)
 Metaspace       used 63944K, capacity 67296K, committed 155392K, reserved 1171456K
  class space    used 8645K, capacity 9663K, committed 33536K, reserved 1048576K
}
Event: 18482.403 GC heap before
{Heap before GC invocations=310 (full 47):
 PSYoungGen      total 264192K, used 51996K [0x00000000eab00000, 0x00000000ffc00000, 0x0000000100000000)
  eden space 189440K, 25% used [0x00000000eab00000,0x00000000ed957138,0x00000000f6400000)
  from space 74752K, 6% used [0x00000000fb300000,0x00000000fb76ff90,0x00000000ffc00000)
  to   space 77824K, 0% used [0x00000000f6400000,0x00000000f6400000,0x00000000fb000000)
 ParOldGen       total 462336K, used 368070K [0x00000000c0000000, 0x00000000dc380000, 0x00000000eab00000)
  object space 462336K, 79% used [0x00000000c0000000,0x00000000d6771b98,0x00000000dc380000)
 Metaspace       used 64851K, capacity 68210K, committed 155392K, reserved 1171456K
  class space    used 8788K, capacity 9796K, committed 33536K, reserved 1048576K
Event: 18482.419 GC heap after
Heap after GC invocations=310 (full 47):
 PSYoungGen      total 193024K, used 3083K [0x00000000eab00000, 0x00000000ffa00000, 0x0000000100000000)
  eden space 189440K, 0% used [0x00000000eab00000,0x00000000eab00000,0x00000000f6400000)
  from space 3584K, 86% used [0x00000000f6400000,0x00000000f6702c38,0x00000000f6780000)
  to   space 76800K, 0% used [0x00000000faf00000,0x00000000faf00000,0x00000000ffa00000)
 ParOldGen       total 462336K, used 371854K [0x00000000c0000000, 0x00000000dc380000, 0x00000000eab00000)
  object space 462336K, 80% used [0x00000000c0000000,0x00000000d6b23ba8,0x00000000dc380000)
 Metaspace       used 64851K, capacity 68210K, committed 155392K, reserved 1171456K
  class space    used 8788K, capacity 9796K, committed 33536K, reserved 1048576K
}
Event: 18482.419 GC heap before
{Heap before GC invocations=311 (full 48):
 PSYoungGen      total 193024K, used 3083K [0x00000000eab00000, 0x00000000ffa00000, 0x0000000100000000)
  eden space 189440K, 0% used [0x00000000eab00000,0x00000000eab00000,0x00000000f6400000)
  from space 3584K, 86% used [0x00000000f6400000,0x00000000f6702c38,0x00000000f6780000)
  to   space 76800K, 0% used [0x00000000faf00000,0x00000000faf00000,0x00000000ffa00000)
 ParOldGen       total 462336K, used 371854K [0x00000000c0000000, 0x00000000dc380000, 0x00000000eab00000)
  object space 462336K, 80% used [0x00000000c0000000,0x00000000d6b23ba8,0x00000000dc380000)
 Metaspace       used 64851K, capacity 68210K, committed 155392K, reserved 1171456K
  class space    used 8788K, capacity 9796K, committed 33536K, reserved 1048576K
Event: 18482.838 GC heap after
Heap after GC invocations=311 (full 48):
 PSYoungGen      total 193024K, used 0K [0x00000000eab00000, 0x00000000ffa00000, 0x0000000100000000)
  eden space 189440K, 0% used [0x00000000eab00000,0x00000000eab00000,0x00000000f6400000)
  from space 3584K, 0% used [0x00000000f6400000,0x00000000f6400000,0x00000000f6780000)
  to   space 76800K, 0% used [0x00000000faf00000,0x00000000faf00000,0x00000000ffa00000)
 ParOldGen       total 462336K, used 69539K [0x00000000c0000000, 0x00000000dc380000, 0x00000000eab00000)
  object space 462336K, 15% used [0x00000000c0000000,0x00000000c43e8fa0,0x00000000dc380000)
 Metaspace       used 64697K, capacity 68020K, committed 155392K, reserved 1171456K
  class space    used 8769K, capacity 9753K, committed 33536K, reserved 1048576K
}
Event: 18802.227 GC heap before
{Heap before GC invocations=312 (full 48):
 PSYoungGen      total 193024K, used 189440K [0x00000000eab00000, 0x00000000ffa00000, 0x0000000100000000)
  eden space 189440K, 100% used [0x00000000eab00000,0x00000000f6400000,0x00000000f6400000)
  from space 3584K, 0% used [0x00000000f6400000,0x00000000f6400000,0x00000000f6780000)
  to   space 76800K, 0% used [0x00000000faf00000,0x00000000faf00000,0x00000000ffa00000)
 ParOldGen       total 462336K, used 69539K [0x00000000c0000000, 0x00000000dc380000, 0x00000000eab00000)
  object space 462336K, 15% used [0x00000000c0000000,0x00000000c43e8fa0,0x00000000dc380000)
 Metaspace       used 70177K, capacity 74064K, committed 155392K, reserved 1171456K
  class space    used 9562K, capacity 10765K, committed 33536K, reserved 1048576K
Event: 18802.242 GC heap after
Heap after GC invocations=312 (full 48):
 PSYoungGen      total 270848K, used 21409K [0x00000000eab00000, 0x0000000100000000, 0x0000000100000000)
  eden space 194048K, 0% used [0x00000000eab00000,0x00000000eab00000,0x00000000f6880000)
  from space 76800K, 27% used [0x00000000faf00000,0x00000000fc3e8730,0x00000000ffa00000)
  to   space 72192K, 0% used [0x00000000f6880000,0x00000000f6880000,0x00000000faf00000)
 ParOldGen       total 462336K, used 69547K [0x00000000c0000000, 0x00000000dc380000, 0x00000000eab00000)
  object space 462336K, 15% used [0x00000000c0000000,0x00000000c43eafa0,0x00000000dc380000)
 Metaspace       used 70177K, capacity 74064K, committed 155392K, reserved 1171456K
  class space    used 9562K, capacity 10765K, committed 33536K, reserved 1048576K
}
Event: 18803.374 GC heap before
{Heap before GC invocations=313 (full 48):
 PSYoungGen      total 270848K, used 215457K [0x00000000eab00000, 0x0000000100000000, 0x0000000100000000)
  eden space 194048K, 100% used [0x00000000eab00000,0x00000000f6880000,0x00000000f6880000)
  from space 76800K, 27% used [0x00000000faf00000,0x00000000fc3e8730,0x00000000ffa00000)
  to   space 72192K, 0% used [0x00000000f6880000,0x00000000f6880000,0x00000000faf00000)
 ParOldGen       total 462336K, used 69547K [0x00000000c0000000, 0x00000000dc380000, 0x00000000eab00000)
  object space 462336K, 15% used [0x00000000c0000000,0x00000000c43eafa0,0x00000000dc380000)
 Metaspace       used 73012K, capacity 77348K, committed 155392K, reserved 1171456K
  class space    used 10044K, capacity 11424K, committed 33536K, reserved 1048576K
Event: 18803.397 GC heap after
Heap after GC invocations=313 (full 48):
 PSYoungGen      total 266240K, used 17415K [0x00000000eab00000, 0x00000000ff380000, 0x0000000100000000)
  eden space 194048K, 0% used [0x00000000eab00000,0x00000000eab00000,0x00000000f6880000)
  from space 72192K, 24% used [0x00000000f6880000,0x00000000f7981d70,0x00000000faf00000)
  to   space 68096K, 0% used [0x00000000fb100000,0x00000000fb100000,0x00000000ff380000)
 ParOldGen       total 462336K, used 85258K [0x00000000c0000000, 0x00000000dc380000, 0x00000000eab00000)
  object space 462336K, 18% used [0x00000000c0000000,0x00000000c53429d8,0x00000000dc380000)
 Metaspace       used 73012K, capacity 77348K, committed 155392K, reserved 1171456K
  class space    used 10044K, capacity 11424K, committed 33536K, reserved 1048576K
}

