# JRE version: Java(TM) SE Runtime Environment (8.0_11-b12) (build 1.8.0_11-b12)
# Java VM: Java HotSpot(TM) 64-Bit Server VM (25.11-b03 mixed mode windows-amd64 compressed oops)
Heap:
 PSYoungGen      total 218624K, used 56980K [0x00000000eab00000, 0x00000000fdc80000, 0x0000000100000000)
  eden space 130560K, 19% used [0x00000000eab00000,0x00000000ec3f73e8,0x00000000f2a80000)
  from space 88064K, 35% used [0x00000000f8680000,0x00000000fa52dfb8,0x00000000fdc80000)
  to   space 91136K, 0% used [0x00000000f2a80000,0x00000000f2a80000,0x00000000f8380000)
 ParOldGen       total 394240K, used 127256K [0x00000000c0000000, 0x00000000d8100000, 0x00000000eab00000)
  object space 394240K, 32% used [0x00000000c0000000,0x00000000c7c463f0,0x00000000d8100000)
 Metaspace       used 125268K, capacity 130988K, committed 150912K, reserved 1175552K
  class space    used 17378K, capacity 19144K, committed 24704K, reserved 1048576K
GC Heap History (10 events):
Event: 2746.914 GC heap before
{Heap before GC invocations=157 (full 28):
 PSYoungGen      total 229888K, used 59671K [0x00000000eab00000, 0x00000000ffd00000, 0x0000000100000000)
  eden space 116736K, 46% used [0x00000000eab00000,0x00000000ee014e18,0x00000000f1d00000)
  from space 113152K, 4% used [0x00000000f8e80000,0x00000000f93b0fe8,0x00000000ffd00000)
  to   space 114688K, 0% used [0x00000000f1d00000,0x00000000f1d00000,0x00000000f8d00000)
 ParOldGen       total 394240K, used 198921K [0x00000000c0000000, 0x00000000d8100000, 0x00000000eab00000)
  object space 394240K, 50% used [0x00000000c0000000,0x00000000cc242438,0x00000000d8100000)
 Metaspace       used 120333K, capacity 129870K, committed 150912K, reserved 1175552K
  class space    used 17297K, capacity 20348K, committed 24704K, reserved 1048576K
Event: 2746.924 GC heap after
Heap after GC invocations=157 (full 28):
 PSYoungGen      total 124416K, used 7271K [0x00000000eab00000, 0x00000000ff300000, 0x0000000100000000)
  eden space 116736K, 0% used [0x00000000eab00000,0x00000000eab00000,0x00000000f1d00000)
  from space 7680K, 94% used [0x00000000f1d00000,0x00000000f2419de0,0x00000000f2480000)
  to   space 109568K, 0% used [0x00000000f8800000,0x00000000f8800000,0x00000000ff300000)
 ParOldGen       total 394240K, used 198921K [0x00000000c0000000, 0x00000000d8100000, 0x00000000eab00000)
  object space 394240K, 50% used [0x00000000c0000000,0x00000000cc242438,0x00000000d8100000)
 Metaspace       used 120333K, capacity 129870K, committed 150912K, reserved 1175552K
  class space    used 17297K, capacity 20348K, committed 24704K, reserved 1048576K
}
Event: 2746.924 GC heap before
{Heap before GC invocations=158 (full 29):
 PSYoungGen      total 124416K, used 7271K [0x00000000eab00000, 0x00000000ff300000, 0x0000000100000000)
  eden space 116736K, 0% used [0x00000000eab00000,0x00000000eab00000,0x00000000f1d00000)
  from space 7680K, 94% used [0x00000000f1d00000,0x00000000f2419de0,0x00000000f2480000)
  to   space 109568K, 0% used [0x00000000f8800000,0x00000000f8800000,0x00000000ff300000)
 ParOldGen       total 394240K, used 198921K [0x00000000c0000000, 0x00000000d8100000, 0x00000000eab00000)
  object space 394240K, 50% used [0x00000000c0000000,0x00000000cc242438,0x00000000d8100000)
 Metaspace       used 120333K, capacity 129870K, committed 150912K, reserved 1175552K
  class space    used 17297K, capacity 20348K, committed 24704K, reserved 1048576K
Event: 2747.643 GC heap after
Heap after GC invocations=158 (full 29):
 PSYoungGen      total 124416K, used 0K [0x00000000eab00000, 0x00000000ff300000, 0x0000000100000000)
  eden space 116736K, 0% used [0x00000000eab00000,0x00000000eab00000,0x00000000f1d00000)
  from space 7680K, 0% used [0x00000000f1d00000,0x00000000f1d00000,0x00000000f2480000)
  to   space 109568K, 0% used [0x00000000f8800000,0x00000000f8800000,0x00000000ff300000)
 ParOldGen       total 394240K, used 127248K [0x00000000c0000000, 0x00000000d8100000, 0x00000000eab00000)
  object space 394240K, 32% used [0x00000000c0000000,0x00000000c7c443f0,0x00000000d8100000)
 Metaspace       used 116887K, capacity 121516K, committed 150912K, reserved 1175552K
  class space    used 16082K, capacity 17442K, committed 24704K, reserved 1048576K
}
Event: 2951.015 GC heap before
{Heap before GC invocations=159 (full 29):
 PSYoungGen      total 124416K, used 116736K [0x00000000eab00000, 0x00000000ff300000, 0x0000000100000000)
  eden space 116736K, 100% used [0x00000000eab00000,0x00000000f1d00000,0x00000000f1d00000)
  from space 7680K, 0% used [0x00000000f1d00000,0x00000000f1d00000,0x00000000f2480000)
  to   space 109568K, 0% used [0x00000000f8800000,0x00000000f8800000,0x00000000ff300000)
 ParOldGen       total 394240K, used 127248K [0x00000000c0000000, 0x00000000d8100000, 0x00000000eab00000)
  object space 394240K, 32% used [0x00000000c0000000,0x00000000c7c443f0,0x00000000d8100000)
 Metaspace       used 121053K, capacity 126156K, committed 150912K, reserved 1175552K
  class space    used 16677K, capacity 18201K, committed 24704K, reserved 1048576K
Event: 2951.040 GC heap after
Heap after GC invocations=159 (full 29):
 PSYoungGen      total 225280K, used 14112K [0x00000000eab00000, 0x00000000fec00000, 0x0000000100000000)
  eden space 122880K, 0% used [0x00000000eab00000,0x00000000eab00000,0x00000000f2300000)
  from space 102400K, 13% used [0x00000000f8800000,0x00000000f95c8288,0x00000000fec00000)
  to   space 102912K, 0% used [0x00000000f2300000,0x00000000f2300000,0x00000000f8780000)
 ParOldGen       total 394240K, used 127248K [0x00000000c0000000, 0x00000000d8100000, 0x00000000eab00000)
  object space 394240K, 32% used [0x00000000c0000000,0x00000000c7c443f0,0x00000000d8100000)
 Metaspace       used 121053K, capacity 126156K, committed 150912K, reserved 1175552K
  class space    used 16677K, capacity 18201K, committed 24704K, reserved 1048576K
}
Event: 2951.841 GC heap before
{Heap before GC invocations=160 (full 29):
 PSYoungGen      total 225280K, used 136992K [0x00000000eab00000, 0x00000000fec00000, 0x0000000100000000)
  eden space 122880K, 100% used [0x00000000eab00000,0x00000000f2300000,0x00000000f2300000)
  from space 102400K, 13% used [0x00000000f8800000,0x00000000f95c8288,0x00000000fec00000)
  to   space 102912K, 0% used [0x00000000f2300000,0x00000000f2300000,0x00000000f8780000)
 ParOldGen       total 394240K, used 127248K [0x00000000c0000000, 0x00000000d8100000, 0x00000000eab00000)
  object space 394240K, 32% used [0x00000000c0000000,0x00000000c7c443f0,0x00000000d8100000)
 Metaspace       used 123289K, capacity 128560K, committed 150912K, reserved 1175552K
  class space    used 17025K, capacity 18612K, committed 24704K, reserved 1048576K
Event: 2951.862 GC heap after
Heap after GC invocations=160 (full 29):
 PSYoungGen      total 144896K, used 21800K [0x00000000eab00000, 0x00000000fe400000, 0x0000000100000000)
  eden space 122880K, 0% used [0x00000000eab00000,0x00000000eab00000,0x00000000f2300000)
  from space 22016K, 99% used [0x00000000f2300000,0x00000000f384a0c0,0x00000000f3880000)
  to   space 95744K, 0% used [0x00000000f8680000,0x00000000f8680000,0x00000000fe400000)
 ParOldGen       total 394240K, used 127256K [0x00000000c0000000, 0x00000000d8100000, 0x00000000eab00000)
  object space 394240K, 32% used [0x00000000c0000000,0x00000000c7c463f0,0x00000000d8100000)
 Metaspace       used 123289K, capacity 128560K, committed 150912K, reserved 1175552K
  class space    used 17025K, capacity 18612K, committed 24704K, reserved 1048576K
}
Event: 2952.668 GC heap before
{Heap before GC invocations=161 (full 29):
 PSYoungGen      total 144896K, used 144680K [0x00000000eab00000, 0x00000000fe400000, 0x0000000100000000)
  eden space 122880K, 100% used [0x00000000eab00000,0x00000000f2300000,0x00000000f2300000)
  from space 22016K, 99% used [0x00000000f2300000,0x00000000f384a0c0,0x00000000f3880000)
  to   space 95744K, 0% used [0x00000000f8680000,0x00000000f8680000,0x00000000fe400000)
 ParOldGen       total 394240K, used 127256K [0x00000000c0000000, 0x00000000d8100000, 0x00000000eab00000)
  object space 394240K, 32% used [0x00000000c0000000,0x00000000c7c463f0,0x00000000d8100000)
 Metaspace       used 125020K, capacity 130568K, committed 150912K, reserved 1175552K
  class space    used 17310K, capacity 19029K, committed 24704K, reserved 1048576K
Event: 2952.729 GC heap after
Heap after GC invocations=161 (full 29):
 PSYoungGen      total 218624K, used 31415K [0x00000000eab00000, 0x00000000fdc80000, 0x0000000100000000)
  eden space 130560K, 0% used [0x00000000eab00000,0x00000000eab00000,0x00000000f2a80000)
  from space 88064K, 35% used [0x00000000f8680000,0x00000000fa52dfb8,0x00000000fdc80000)
  to   space 91136K, 0% used [0x00000000f2a80000,0x00000000f2a80000,0x00000000f8380000)
 ParOldGen       total 394240K, used 127256K [0x00000000c0000000, 0x00000000d8100000, 0x00000000eab00000)
  object space 394240K, 32% used [0x00000000c0000000,0x00000000c7c463f0,0x00000000d8100000)
 Metaspace       used 125020K, capacity 130568K, committed 150912K, reserved 1175552K
  class space    used 17310K, capacity 19029K, committed 24704K, reserved 1048576K
}

