# JRE version: Java(TM) SE Runtime Environment (8.0_11-b12) (build 1.8.0_11-b12)
# Java VM: Java HotSpot(TM) 64-Bit Server VM (25.11-b03 mixed mode windows-amd64 compressed oops)
Heap:
 PSYoungGen      total 231424K, used 154839K [0x00000000eab00000, 0x00000000fde00000, 0x0000000100000000)
  eden space 156672K, 81% used [0x00000000eab00000,0x00000000f2730d80,0x00000000f4400000)
  from space 74752K, 37% used [0x00000000f9500000,0x00000000fb0051d8,0x00000000fde00000)
  to   space 78848K, 0% used [0x00000000f4400000,0x00000000f4400000,0x00000000f9100000)
 ParOldGen       total 428544K, used 118528K [0x00000000c0000000, 0x00000000da280000, 0x00000000eab00000)
  object space 428544K, 27% used [0x00000000c0000000,0x00000000c73c0158,0x00000000da280000)
 Metaspace       used 70404K, capacity 74730K, committed 138240K, reserved 1161216K
  class space    used 9715K, capacity 11001K, committed 25600K, reserved 1048576K
GC Heap History (10 events):
Event: 3820.171 GC heap before
{Heap before GC invocations=199 (full 28):
 PSYoungGen      total 230912K, used 145800K [0x00000000eab00000, 0x00000000feb80000, 0x0000000100000000)
  eden space 134656K, 100% used [0x00000000eab00000,0x00000000f2e80000,0x00000000f2e80000)
  from space 96256K, 11% used [0x00000000f8d80000,0x00000000f9862358,0x00000000feb80000)
  to   space 96768K, 0% used [0x00000000f2e80000,0x00000000f2e80000,0x00000000f8d00000)
 ParOldGen       total 428544K, used 194140K [0x00000000c0000000, 0x00000000da280000, 0x00000000eab00000)
  object space 428544K, 45% used [0x00000000c0000000,0x00000000cbd97368,0x00000000da280000)
 Metaspace       used 147132K, capacity 158794K, committed 159872K, reserved 1183744K
  class space    used 21346K, capacity 25130K, committed 25472K, reserved 1048576K
Event: 3820.187 GC heap after
Heap after GC invocations=199 (full 28):
 PSYoungGen      total 231424K, used 5716K [0x00000000eab00000, 0x00000000fef00000, 0x0000000100000000)
  eden space 134656K, 0% used [0x00000000eab00000,0x00000000eab00000,0x00000000f2e80000)
  from space 96768K, 5% used [0x00000000f2e80000,0x00000000f3415190,0x00000000f8d00000)
  to   space 92672K, 0% used [0x00000000f9480000,0x00000000f9480000,0x00000000fef00000)
 ParOldGen       total 428544K, used 204141K [0x00000000c0000000, 0x00000000da280000, 0x00000000eab00000)
  object space 428544K, 47% used [0x00000000c0000000,0x00000000cc75b5c8,0x00000000da280000)
 Metaspace       used 147132K, capacity 158794K, committed 159872K, reserved 1183744K
  class space    used 21346K, capacity 25130K, committed 25472K, reserved 1048576K
}
Event: 3822.988 GC heap before
{Heap before GC invocations=200 (full 28):
 PSYoungGen      total 231424K, used 38970K [0x00000000eab00000, 0x00000000fef00000, 0x0000000100000000)
  eden space 134656K, 24% used [0x00000000eab00000,0x00000000ecb798c0,0x00000000f2e80000)
  from space 96768K, 5% used [0x00000000f2e80000,0x00000000f3415190,0x00000000f8d00000)
  to   space 92672K, 0% used [0x00000000f9480000,0x00000000f9480000,0x00000000fef00000)
 ParOldGen       total 428544K, used 204141K [0x00000000c0000000, 0x00000000da280000, 0x00000000eab00000)
  object space 428544K, 47% used [0x00000000c0000000,0x00000000cc75b5c8,0x00000000da280000)
 Metaspace       used 147947K, capacity 159632K, committed 160768K, reserved 1183744K
  class space    used 21482K, capacity 25260K, committed 25600K, reserved 1048576K
Event: 3823.014 GC heap after
Heap after GC invocations=200 (full 28):
 PSYoungGen      total 230912K, used 6258K [0x00000000eab00000, 0x00000000fe700000, 0x0000000100000000)
  eden space 146432K, 0% used [0x00000000eab00000,0x00000000eab00000,0x00000000f3a00000)
  from space 84480K, 7% used [0x00000000f9480000,0x00000000f9a9ca98,0x00000000fe700000)
  to   space 88576K, 0% used [0x00000000f3a00000,0x00000000f3a00000,0x00000000f9080000)
 ParOldGen       total 428544K, used 204149K [0x00000000c0000000, 0x00000000da280000, 0x00000000eab00000)
  object space 428544K, 47% used [0x00000000c0000000,0x00000000cc75d5c8,0x00000000da280000)
 Metaspace       used 147947K, capacity 159632K, committed 160768K, reserved 1183744K
  class space    used 21482K, capacity 25260K, committed 25600K, reserved 1048576K
}
Event: 3823.014 GC heap before
{Heap before GC invocations=201 (full 29):
 PSYoungGen      total 230912K, used 6258K [0x00000000eab00000, 0x00000000fe700000, 0x0000000100000000)
  eden space 146432K, 0% used [0x00000000eab00000,0x00000000eab00000,0x00000000f3a00000)
  from space 84480K, 7% used [0x00000000f9480000,0x00000000f9a9ca98,0x00000000fe700000)
  to   space 88576K, 0% used [0x00000000f3a00000,0x00000000f3a00000,0x00000000f9080000)
 ParOldGen       total 428544K, used 204149K [0x00000000c0000000, 0x00000000da280000, 0x00000000eab00000)
  object space 428544K, 47% used [0x00000000c0000000,0x00000000cc75d5c8,0x00000000da280000)
 Metaspace       used 147947K, capacity 159632K, committed 160768K, reserved 1183744K
  class space    used 21482K, capacity 25260K, committed 25600K, reserved 1048576K
Event: 3823.885 GC heap after
Heap after GC invocations=201 (full 29):
 PSYoungGen      total 230912K, used 0K [0x00000000eab00000, 0x00000000fe700000, 0x0000000100000000)
  eden space 146432K, 0% used [0x00000000eab00000,0x00000000eab00000,0x00000000f3a00000)
  from space 84480K, 0% used [0x00000000f9480000,0x00000000f9480000,0x00000000fe700000)
  to   space 88576K, 0% used [0x00000000f3a00000,0x00000000f3a00000,0x00000000f9080000)
 ParOldGen       total 428544K, used 118528K [0x00000000c0000000, 0x00000000da280000, 0x00000000eab00000)
  object space 428544K, 27% used [0x00000000c0000000,0x00000000c73c0158,0x00000000da280000)
 Metaspace       used 61770K, capacity 64852K, committed 138240K, reserved 1161216K
  class space    used 8371K, capacity 9236K, committed 25600K, reserved 1048576K
}
Event: 3853.880 GC heap before
{Heap before GC invocations=202 (full 29):
 PSYoungGen      total 230912K, used 146432K [0x00000000eab00000, 0x00000000fe700000, 0x0000000100000000)
  eden space 146432K, 100% used [0x00000000eab00000,0x00000000f3a00000,0x00000000f3a00000)
  from space 84480K, 0% used [0x00000000f9480000,0x00000000f9480000,0x00000000fe700000)
  to   space 88576K, 0% used [0x00000000f3a00000,0x00000000f3a00000,0x00000000f9080000)
 ParOldGen       total 428544K, used 118528K [0x00000000c0000000, 0x00000000da280000, 0x00000000eab00000)
  object space 428544K, 27% used [0x00000000c0000000,0x00000000c73c0158,0x00000000da280000)
 Metaspace       used 66273K, capacity 69868K, committed 138240K, reserved 1161216K
  class space    used 9014K, capacity 10063K, committed 25600K, reserved 1048576K
Event: 3853.915 GC heap after
Heap after GC invocations=202 (full 29):
 PSYoungGen      total 235008K, used 18501K [0x00000000eab00000, 0x00000000fe580000, 0x0000000100000000)
  eden space 146432K, 0% used [0x00000000eab00000,0x00000000eab00000,0x00000000f3a00000)
  from space 88576K, 20% used [0x00000000f3a00000,0x00000000f4c11710,0x00000000f9080000)
  to   space 82432K, 0% used [0x00000000f9500000,0x00000000f9500000,0x00000000fe580000)
 ParOldGen       total 428544K, used 118528K [0x00000000c0000000, 0x00000000da280000, 0x00000000eab00000)
  object space 428544K, 27% used [0x00000000c0000000,0x00000000c73c0158,0x00000000da280000)
 Metaspace       used 66273K, capacity 69868K, committed 138240K, reserved 1161216K
  class space    used 9014K, capacity 10063K, committed 25600K, reserved 1048576K
}
Event: 3854.998 GC heap before
{Heap before GC invocations=203 (full 29):
 PSYoungGen      total 235008K, used 164933K [0x00000000eab00000, 0x00000000fe580000, 0x0000000100000000)
  eden space 146432K, 100% used [0x00000000eab00000,0x00000000f3a00000,0x00000000f3a00000)
  from space 88576K, 20% used [0x00000000f3a00000,0x00000000f4c11710,0x00000000f9080000)
  to   space 82432K, 0% used [0x00000000f9500000,0x00000000f9500000,0x00000000fe580000)
 ParOldGen       total 428544K, used 118528K [0x00000000c0000000, 0x00000000da280000, 0x00000000eab00000)
  object space 428544K, 27% used [0x00000000c0000000,0x00000000c73c0158,0x00000000da280000)
 Metaspace       used 69218K, capacity 73164K, committed 138240K, reserved 1161216K
  class space    used 9503K, capacity 10734K, committed 25600K, reserved 1048576K
Event: 3855.029 GC heap after
Heap after GC invocations=203 (full 29):
 PSYoungGen      total 231424K, used 27668K [0x00000000eab00000, 0x00000000fde00000, 0x0000000100000000)
  eden space 156672K, 0% used [0x00000000eab00000,0x00000000eab00000,0x00000000f4400000)
  from space 74752K, 37% used [0x00000000f9500000,0x00000000fb0051d8,0x00000000fde00000)
  to   space 78848K, 0% used [0x00000000f4400000,0x00000000f4400000,0x00000000f9100000)
 ParOldGen       total 428544K, used 118528K [0x00000000c0000000, 0x00000000da280000, 0x00000000eab00000)
  object space 428544K, 27% used [0x00000000c0000000,0x00000000c73c0158,0x00000000da280000)
 Metaspace       used 69218K, capacity 73164K, committed 138240K, reserved 1161216K
  class space    used 9503K, capacity 10734K, committed 25600K, reserved 1048576K
}

