# JRE version: Java(TM) SE Runtime Environment (8.0_11-b12) (build 1.8.0_11-b12)
# Java VM: Java HotSpot(TM) 64-Bit Server VM (25.11-b03 mixed mode windows-amd64 compressed oops)
Heap:
 PSYoungGen      total 232960K, used 96343K [0x00000000eab00000, 0x0000000100000000, 0x0000000100000000)
  eden space 116736K, 74% used [0x00000000eab00000,0x00000000effa0ab8,0x00000000f1d00000)
  from space 116224K, 8% used [0x00000000f8e80000,0x00000000f97f5188,0x0000000100000000)
  to   space 116224K, 0% used [0x00000000f1d00000,0x00000000f1d00000,0x00000000f8e80000)
 ParOldGen       total 204288K, used 83496K [0x00000000c0000000, 0x00000000cc780000, 0x00000000eab00000)
  object space 204288K, 40% used [0x00000000c0000000,0x00000000c518a000,0x00000000cc780000)
 Metaspace       used 70845K, capacity 75250K, committed 75392K, reserved 1114112K
  class space    used 9967K, capacity 11346K, committed 11392K, reserved 1048576K
GC Heap History (10 events):
Event: 1052.107 GC heap before
{Heap before GC invocations=77 (full 12):
 PSYoungGen      total 232960K, used 73253K [0x00000000eab00000, 0x0000000100000000, 0x0000000100000000)
  eden space 116736K, 41% used [0x00000000eab00000,0x00000000edaa9130,0x00000000f1d00000)
  from space 116224K, 21% used [0x00000000f8e80000,0x00000000fa660670,0x0000000100000000)
  to   space 116224K, 0% used [0x00000000f1d00000,0x00000000f1d00000,0x00000000f8e80000)
 ParOldGen       total 204288K, used 150936K [0x00000000c0000000, 0x00000000cc780000, 0x00000000eab00000)
  object space 204288K, 73% used [0x00000000c0000000,0x00000000c9366380,0x00000000cc780000)
 Metaspace       used 62535K, capacity 66274K, committed 67072K, reserved 1105920K
  class space    used 8801K, capacity 10025K, committed 10240K, reserved 1048576K
Event: 1052.147 GC heap after
Heap after GC invocations=77 (full 12):
 PSYoungGen      total 232960K, used 9326K [0x00000000eab00000, 0x0000000100000000, 0x0000000100000000)
  eden space 116736K, 0% used [0x00000000eab00000,0x00000000eab00000,0x00000000f1d00000)
  from space 116224K, 8% used [0x00000000f1d00000,0x00000000f261b8b8,0x00000000f8e80000)
  to   space 116224K, 0% used [0x00000000f8e80000,0x00000000f8e80000,0x0000000100000000)
 ParOldGen       total 204288K, used 168546K [0x00000000c0000000, 0x00000000cc780000, 0x00000000eab00000)
  object space 204288K, 82% used [0x00000000c0000000,0x00000000ca498ab8,0x00000000cc780000)
 Metaspace       used 62535K, capacity 66274K, committed 67072K, reserved 1105920K
  class space    used 8801K, capacity 10025K, committed 10240K, reserved 1048576K
}
Event: 1052.147 GC heap before
{Heap before GC invocations=78 (full 13):
 PSYoungGen      total 232960K, used 9326K [0x00000000eab00000, 0x0000000100000000, 0x0000000100000000)
  eden space 116736K, 0% used [0x00000000eab00000,0x00000000eab00000,0x00000000f1d00000)
  from space 116224K, 8% used [0x00000000f1d00000,0x00000000f261b8b8,0x00000000f8e80000)
  to   space 116224K, 0% used [0x00000000f8e80000,0x00000000f8e80000,0x0000000100000000)
 ParOldGen       total 204288K, used 168546K [0x00000000c0000000, 0x00000000cc780000, 0x00000000eab00000)
  object space 204288K, 82% used [0x00000000c0000000,0x00000000ca498ab8,0x00000000cc780000)
 Metaspace       used 62535K, capacity 66274K, committed 67072K, reserved 1105920K
  class space    used 8801K, capacity 10025K, committed 10240K, reserved 1048576K
Event: 1052.519 GC heap after
Heap after GC invocations=78 (full 13):
 PSYoungGen      total 232960K, used 0K [0x00000000eab00000, 0x0000000100000000, 0x0000000100000000)
  eden space 116736K, 0% used [0x00000000eab00000,0x00000000eab00000,0x00000000f1d00000)
  from space 116224K, 0% used [0x00000000f1d00000,0x00000000f1d00000,0x00000000f8e80000)
  to   space 116224K, 0% used [0x00000000f8e80000,0x00000000f8e80000,0x0000000100000000)
 ParOldGen       total 204288K, used 63001K [0x00000000c0000000, 0x00000000cc780000, 0x00000000eab00000)
  object space 204288K, 30% used [0x00000000c0000000,0x00000000c3d864b0,0x00000000cc780000)
 Metaspace       used 61947K, capacity 64954K, committed 67072K, reserved 1105920K
  class space    used 8607K, capacity 9553K, committed 10240K, reserved 1048576K
}
Event: 1404.170 GC heap before
{Heap before GC invocations=79 (full 13):
 PSYoungGen      total 232960K, used 116736K [0x00000000eab00000, 0x0000000100000000, 0x0000000100000000)
  eden space 116736K, 100% used [0x00000000eab00000,0x00000000f1d00000,0x00000000f1d00000)
  from space 116224K, 0% used [0x00000000f1d00000,0x00000000f1d00000,0x00000000f8e80000)
  to   space 116224K, 0% used [0x00000000f8e80000,0x00000000f8e80000,0x0000000100000000)
 ParOldGen       total 204288K, used 63001K [0x00000000c0000000, 0x00000000cc780000, 0x00000000eab00000)
  object space 204288K, 30% used [0x00000000c0000000,0x00000000c3d864b0,0x00000000cc780000)
 Metaspace       used 66325K, capacity 69946K, committed 71168K, reserved 1110016K
  class space    used 9223K, capacity 10361K, committed 10752K, reserved 1048576K
Event: 1404.205 GC heap after
Heap after GC invocations=79 (full 13):
 PSYoungGen      total 232960K, used 13808K [0x00000000eab00000, 0x0000000100000000, 0x0000000100000000)
  eden space 116736K, 0% used [0x00000000eab00000,0x00000000eab00000,0x00000000f1d00000)
  from space 116224K, 11% used [0x00000000f8e80000,0x00000000f9bfc130,0x0000000100000000)
  to   space 116224K, 0% used [0x00000000f1d00000,0x00000000f1d00000,0x00000000f8e80000)
 ParOldGen       total 204288K, used 63009K [0x00000000c0000000, 0x00000000cc780000, 0x00000000eab00000)
  object space 204288K, 30% used [0x00000000c0000000,0x00000000c3d884b0,0x00000000cc780000)
 Metaspace       used 66325K, capacity 69946K, committed 71168K, reserved 1110016K
  class space    used 9223K, capacity 10361K, committed 10752K, reserved 1048576K
}
Event: 1405.089 GC heap before
{Heap before GC invocations=80 (full 13):
 PSYoungGen      total 232960K, used 130544K [0x00000000eab00000, 0x0000000100000000, 0x0000000100000000)
  eden space 116736K, 100% used [0x00000000eab00000,0x00000000f1d00000,0x00000000f1d00000)
  from space 116224K, 11% used [0x00000000f8e80000,0x00000000f9bfc130,0x0000000100000000)
  to   space 116224K, 0% used [0x00000000f1d00000,0x00000000f1d00000,0x00000000f8e80000)
 ParOldGen       total 204288K, used 63009K [0x00000000c0000000, 0x00000000cc780000, 0x00000000eab00000)
  object space 204288K, 30% used [0x00000000c0000000,0x00000000c3d884b0,0x00000000cc780000)
 Metaspace       used 68271K, capacity 72072K, committed 73216K, reserved 1112064K
  class space    used 9519K, capacity 10693K, committed 11008K, reserved 1048576K
Event: 1405.134 GC heap after
Heap after GC invocations=80 (full 13):
 PSYoungGen      total 232960K, used 12675K [0x00000000eab00000, 0x0000000100000000, 0x0000000100000000)
  eden space 116736K, 0% used [0x00000000eab00000,0x00000000eab00000,0x00000000f1d00000)
  from space 116224K, 10% used [0x00000000f1d00000,0x00000000f2960c28,0x00000000f8e80000)
  to   space 116224K, 0% used [0x00000000f8e80000,0x00000000f8e80000,0x0000000100000000)
 ParOldGen       total 204288K, used 72193K [0x00000000c0000000, 0x00000000cc780000, 0x00000000eab00000)
  object space 204288K, 35% used [0x00000000c0000000,0x00000000c46805e0,0x00000000cc780000)
 Metaspace       used 68271K, capacity 72072K, committed 73216K, reserved 1112064K
  class space    used 9519K, capacity 10693K, committed 11008K, reserved 1048576K
}
Event: 1405.979 GC heap before
{Heap before GC invocations=81 (full 13):
 PSYoungGen      total 232960K, used 129411K [0x00000000eab00000, 0x0000000100000000, 0x0000000100000000)
  eden space 116736K, 100% used [0x00000000eab00000,0x00000000f1d00000,0x00000000f1d00000)
  from space 116224K, 10% used [0x00000000f1d00000,0x00000000f2960c28,0x00000000f8e80000)
  to   space 116224K, 0% used [0x00000000f8e80000,0x00000000f8e80000,0x0000000100000000)
 ParOldGen       total 204288K, used 72193K [0x00000000c0000000, 0x00000000cc780000, 0x00000000eab00000)
  object space 204288K, 35% used [0x00000000c0000000,0x00000000c46805e0,0x00000000cc780000)
 Metaspace       used 70048K, capacity 74050K, committed 74880K, reserved 1112064K
  class space    used 9810K, capacity 11138K, committed 11392K, reserved 1048576K
Event: 1406.004 GC heap after
Heap after GC invocations=81 (full 13):
 PSYoungGen      total 232960K, used 9684K [0x00000000eab00000, 0x0000000100000000, 0x0000000100000000)
  eden space 116736K, 0% used [0x00000000eab00000,0x00000000eab00000,0x00000000f1d00000)
  from space 116224K, 8% used [0x00000000f8e80000,0x00000000f97f5188,0x0000000100000000)
  to   space 116224K, 0% used [0x00000000f1d00000,0x00000000f1d00000,0x00000000f8e80000)
 ParOldGen       total 204288K, used 83496K [0x00000000c0000000, 0x00000000cc780000, 0x00000000eab00000)
  object space 204288K, 40% used [0x00000000c0000000,0x00000000c518a000,0x00000000cc780000)
 Metaspace       used 70048K, capacity 74050K, committed 74880K, reserved 1112064K
  class space    used 9810K, capacity 11138K, committed 11392K, reserved 1048576K
}

