# JRE version: Java(TM) SE Runtime Environment (8.0_11-b12) (build 1.8.0_11-b12)
# Java VM: Java HotSpot(TM) 64-Bit Server VM (25.11-b03 mixed mode windows-amd64 compressed oops)
Heap:
 PSYoungGen      total 228352K, used 96097K [0x00000000eab00000, 0x00000000fec00000, 0x0000000100000000)
  eden space 148992K, 29% used [0x00000000eab00000,0x00000000ed62c998,0x00000000f3c80000)
  from space 79360K, 65% used [0x00000000f3c80000,0x00000000f6f2bb38,0x00000000f8a00000)
  to   space 83456K, 0% used [0x00000000f9a80000,0x00000000f9a80000,0x00000000fec00000)
 ParOldGen       total 270848K, used 83194K [0x00000000c0000000, 0x00000000d0880000, 0x00000000eab00000)
  object space 270848K, 30% used [0x00000000c0000000,0x00000000c513e938,0x00000000d0880000)
 Metaspace       used 106890K, capacity 113852K, committed 163456K, reserved 1177600K
  class space    used 14946K, capacity 17151K, committed 35200K, reserved 1048576K
GC Heap History (10 events):
Event: 8914.098 GC heap before
{Heap before GC invocations=229 (full 36):
 PSYoungGen      total 225280K, used 146528K [0x00000000eab00000, 0x00000000fe180000, 0x0000000100000000)
  eden space 131584K, 100% used [0x00000000eab00000,0x00000000f2b80000,0x00000000f2b80000)
  from space 93696K, 15% used [0x00000000f8600000,0x00000000f94982e8,0x00000000fe180000)
  to   space 92672K, 0% used [0x00000000f2b80000,0x00000000f2b80000,0x00000000f8600000)
 ParOldGen       total 270848K, used 83178K [0x00000000c0000000, 0x00000000d0880000, 0x00000000eab00000)
  object space 270848K, 30% used [0x00000000c0000000,0x00000000c513a938,0x00000000d0880000)
 Metaspace       used 96262K, capacity 101246K, committed 163456K, reserved 1177600K
  class space    used 13215K, capacity 14771K, committed 35200K, reserved 1048576K
Event: 8914.126 GC heap after
Heap after GC invocations=229 (full 36):
 PSYoungGen      total 224256K, used 23552K [0x00000000eab00000, 0x00000000fdc80000, 0x0000000100000000)
  eden space 131584K, 0% used [0x00000000eab00000,0x00000000eab00000,0x00000000f2b80000)
  from space 92672K, 25% used [0x00000000f2b80000,0x00000000f42800d8,0x00000000f8600000)
  to   space 86016K, 0% used [0x00000000f8880000,0x00000000f8880000,0x00000000fdc80000)
 ParOldGen       total 270848K, used 83178K [0x00000000c0000000, 0x00000000d0880000, 0x00000000eab00000)
  object space 270848K, 30% used [0x00000000c0000000,0x00000000c513a938,0x00000000d0880000)
 Metaspace       used 96262K, capacity 101246K, committed 163456K, reserved 1177600K
  class space    used 13215K, capacity 14771K, committed 35200K, reserved 1048576K
}
Event: 8915.023 GC heap before
{Heap before GC invocations=230 (full 36):
 PSYoungGen      total 224256K, used 155136K [0x00000000eab00000, 0x00000000fdc80000, 0x0000000100000000)
  eden space 131584K, 100% used [0x00000000eab00000,0x00000000f2b80000,0x00000000f2b80000)
  from space 92672K, 25% used [0x00000000f2b80000,0x00000000f42800d8,0x00000000f8600000)
  to   space 86016K, 0% used [0x00000000f8880000,0x00000000f8880000,0x00000000fdc80000)
 ParOldGen       total 270848K, used 83178K [0x00000000c0000000, 0x00000000d0880000, 0x00000000eab00000)
  object space 270848K, 30% used [0x00000000c0000000,0x00000000c513a938,0x00000000d0880000)
 Metaspace       used 98006K, capacity 103382K, committed 163456K, reserved 1177600K
  class space    used 13521K, capacity 15273K, committed 35200K, reserved 1048576K
Event: 8915.055 GC heap after
Heap after GC invocations=230 (full 36):
 PSYoungGen      total 221696K, used 33273K [0x00000000eab00000, 0x00000000fd700000, 0x0000000100000000)
  eden space 141312K, 0% used [0x00000000eab00000,0x00000000eab00000,0x00000000f3500000)
  from space 80384K, 41% used [0x00000000f8880000,0x00000000fa8fe6e0,0x00000000fd700000)
  to   space 82944K, 0% used [0x00000000f3500000,0x00000000f3500000,0x00000000f8600000)
 ParOldGen       total 270848K, used 83178K [0x00000000c0000000, 0x00000000d0880000, 0x00000000eab00000)
  object space 270848K, 30% used [0x00000000c0000000,0x00000000c513a938,0x00000000d0880000)
 Metaspace       used 98006K, capacity 103382K, committed 163456K, reserved 1177600K
  class space    used 13521K, capacity 15273K, committed 35200K, reserved 1048576K
}
Event: 9016.784 GC heap before
{Heap before GC invocations=231 (full 36):
 PSYoungGen      total 221696K, used 174585K [0x00000000eab00000, 0x00000000fd700000, 0x0000000100000000)
  eden space 141312K, 100% used [0x00000000eab00000,0x00000000f3500000,0x00000000f3500000)
  from space 80384K, 41% used [0x00000000f8880000,0x00000000fa8fe6e0,0x00000000fd700000)
  to   space 82944K, 0% used [0x00000000f3500000,0x00000000f3500000,0x00000000f8600000)
 ParOldGen       total 270848K, used 83178K [0x00000000c0000000, 0x00000000d0880000, 0x00000000eab00000)
  object space 270848K, 30% used [0x00000000c0000000,0x00000000c513a938,0x00000000d0880000)
 Metaspace       used 100986K, capacity 107180K, committed 163456K, reserved 1177600K
  class space    used 13990K, capacity 15939K, committed 35200K, reserved 1048576K
Event: 9016.819 GC heap after
Heap after GC invocations=231 (full 36):
 PSYoungGen      total 224256K, used 27637K [0x00000000eab00000, 0x00000000fd680000, 0x0000000100000000)
  eden space 141312K, 0% used [0x00000000eab00000,0x00000000eab00000,0x00000000f3500000)
  from space 82944K, 33% used [0x00000000f3500000,0x00000000f4ffd690,0x00000000f8600000)
  to   space 78336K, 0% used [0x00000000f8a00000,0x00000000f8a00000,0x00000000fd680000)
 ParOldGen       total 270848K, used 83186K [0x00000000c0000000, 0x00000000d0880000, 0x00000000eab00000)
  object space 270848K, 30% used [0x00000000c0000000,0x00000000c513c938,0x00000000d0880000)
 Metaspace       used 100986K, capacity 107180K, committed 163456K, reserved 1177600K
  class space    used 13990K, capacity 15939K, committed 35200K, reserved 1048576K
}
Event: 9017.649 GC heap before
{Heap before GC invocations=232 (full 36):
 PSYoungGen      total 224256K, used 168949K [0x00000000eab00000, 0x00000000fd680000, 0x0000000100000000)
  eden space 141312K, 100% used [0x00000000eab00000,0x00000000f3500000,0x00000000f3500000)
  from space 82944K, 33% used [0x00000000f3500000,0x00000000f4ffd690,0x00000000f8600000)
  to   space 78336K, 0% used [0x00000000f8a00000,0x00000000f8a00000,0x00000000fd680000)
 ParOldGen       total 270848K, used 83186K [0x00000000c0000000, 0x00000000d0880000, 0x00000000eab00000)
  object space 270848K, 30% used [0x00000000c0000000,0x00000000c513c938,0x00000000d0880000)
 Metaspace       used 104372K, capacity 110818K, committed 163456K, reserved 1177600K
  class space    used 14491K, capacity 16522K, committed 35200K, reserved 1048576K
Event: 9017.696 GC heap after
Heap after GC invocations=232 (full 36):
 PSYoungGen      total 227328K, used 41506K [0x00000000eab00000, 0x00000000fda80000, 0x0000000100000000)
  eden space 148992K, 0% used [0x00000000eab00000,0x00000000eab00000,0x00000000f3c80000)
  from space 78336K, 52% used [0x00000000f8a00000,0x00000000fb288808,0x00000000fd680000)
  to   space 79360K, 0% used [0x00000000f3c80000,0x00000000f3c80000,0x00000000f8a00000)
 ParOldGen       total 270848K, used 83194K [0x00000000c0000000, 0x00000000d0880000, 0x00000000eab00000)
  object space 270848K, 30% used [0x00000000c0000000,0x00000000c513e938,0x00000000d0880000)
 Metaspace       used 104372K, capacity 110818K, committed 163456K, reserved 1177600K
  class space    used 14491K, capacity 16522K, committed 35200K, reserved 1048576K
}
Event: 9018.457 GC heap before
{Heap before GC invocations=233 (full 36):
 PSYoungGen      total 227328K, used 190498K [0x00000000eab00000, 0x00000000fda80000, 0x0000000100000000)
  eden space 148992K, 100% used [0x00000000eab00000,0x00000000f3c80000,0x00000000f3c80000)
  from space 78336K, 52% used [0x00000000f8a00000,0x00000000fb288808,0x00000000fd680000)
  to   space 79360K, 0% used [0x00000000f3c80000,0x00000000f3c80000,0x00000000f8a00000)
 ParOldGen       total 270848K, used 83194K [0x00000000c0000000, 0x00000000d0880000, 0x00000000eab00000)
  object space 270848K, 30% used [0x00000000c0000000,0x00000000c513e938,0x00000000d0880000)
 Metaspace       used 106545K, capacity 113284K, committed 163456K, reserved 1177600K
  class space    used 14855K, capacity 17016K, committed 35200K, reserved 1048576K
Event: 9018.505 GC heap after
Heap after GC invocations=233 (full 36):
 PSYoungGen      total 228352K, used 51886K [0x00000000eab00000, 0x00000000fec00000, 0x0000000100000000)
  eden space 148992K, 0% used [0x00000000eab00000,0x00000000eab00000,0x00000000f3c80000)
  from space 79360K, 65% used [0x00000000f3c80000,0x00000000f6f2bb38,0x00000000f8a00000)
  to   space 83456K, 0% used [0x00000000f9a80000,0x00000000f9a80000,0x00000000fec00000)
 ParOldGen       total 270848K, used 83194K [0x00000000c0000000, 0x00000000d0880000, 0x00000000eab00000)
  object space 270848K, 30% used [0x00000000c0000000,0x00000000c513e938,0x00000000d0880000)
 Metaspace       used 106545K, capacity 113284K, committed 163456K, reserved 1177600K
  class space    used 14855K, capacity 17016K, committed 35200K, reserved 1048576K
}

