# JRE version: Java(TM) SE Runtime Environment (8.0_11-b12) (build 1.8.0_11-b12)
# Java VM: Java HotSpot(TM) 64-Bit Server VM (25.11-b03 mixed mode windows-amd64 compressed oops)
Heap:
 PSYoungGen      total 217600K, used 47941K [0x00000000eab00000, 0x00000000fce80000, 0x0000000100000000)
  eden space 137728K, 10% used [0x00000000eab00000,0x00000000eb93fae8,0x00000000f3180000)
  from space 79872K, 41% used [0x00000000f3180000,0x00000000f5211998,0x00000000f7f80000)
  to   space 76800K, 0% used [0x00000000f8380000,0x00000000f8380000,0x00000000fce80000)
 ParOldGen       total 395776K, used 109950K [0x00000000c0000000, 0x00000000d8280000, 0x00000000eab00000)
  object space 395776K, 27% used [0x00000000c0000000,0x00000000c6b5f888,0x00000000d8280000)
 Metaspace       used 92275K, capacity 99482K, committed 153856K, reserved 1171456K
  class space    used 13116K, capacity 15359K, committed 32000K, reserved 1048576K
GC Heap History (10 events):
Event: 10062.456 GC heap before
{Heap before GC invocations=256 (full 38):
 PSYoungGen      total 223744K, used 82661K [0x00000000eab00000, 0x00000000fe380000, 0x0000000100000000)
  eden space 124416K, 38% used [0x00000000eab00000,0x00000000eda32e00,0x00000000f2480000)
  from space 99328K, 34% used [0x00000000f2480000,0x00000000f4606710,0x00000000f8580000)
  to   space 94208K, 0% used [0x00000000f8780000,0x00000000f8780000,0x00000000fe380000)
 ParOldGen       total 395776K, used 101405K [0x00000000c0000000, 0x00000000d8280000, 0x00000000eab00000)
  object space 395776K, 25% used [0x00000000c0000000,0x00000000c6307420,0x00000000d8280000)
 Metaspace       used 83862K, capacity 90100K, committed 153856K, reserved 1171456K
  class space    used 11808K, capacity 13696K, committed 32000K, reserved 1048576K
Event: 10062.483 GC heap after
Heap after GC invocations=256 (full 38):
 PSYoungGen      total 214528K, used 23677K [0x00000000eab00000, 0x00000000fd880000, 0x0000000100000000)
  eden space 131584K, 0% used [0x00000000eab00000,0x00000000eab00000,0x00000000f2b80000)
  from space 82944K, 28% used [0x00000000f8780000,0x00000000f9e9f638,0x00000000fd880000)
  to   space 88576K, 0% used [0x00000000f2b80000,0x00000000f2b80000,0x00000000f8200000)
 ParOldGen       total 395776K, used 101405K [0x00000000c0000000, 0x00000000d8280000, 0x00000000eab00000)
  object space 395776K, 25% used [0x00000000c0000000,0x00000000c6307420,0x00000000d8280000)
 Metaspace       used 83862K, capacity 90100K, committed 153856K, reserved 1171456K
  class space    used 11808K, capacity 13696K, committed 32000K, reserved 1048576K
}
Event: 10062.483 GC heap before
{Heap before GC invocations=257 (full 39):
 PSYoungGen      total 214528K, used 23677K [0x00000000eab00000, 0x00000000fd880000, 0x0000000100000000)
  eden space 131584K, 0% used [0x00000000eab00000,0x00000000eab00000,0x00000000f2b80000)
  from space 82944K, 28% used [0x00000000f8780000,0x00000000f9e9f638,0x00000000fd880000)
  to   space 88576K, 0% used [0x00000000f2b80000,0x00000000f2b80000,0x00000000f8200000)
 ParOldGen       total 395776K, used 101405K [0x00000000c0000000, 0x00000000d8280000, 0x00000000eab00000)
  object space 395776K, 25% used [0x00000000c0000000,0x00000000c6307420,0x00000000d8280000)
 Metaspace       used 83862K, capacity 90100K, committed 153856K, reserved 1171456K
  class space    used 11808K, capacity 13696K, committed 32000K, reserved 1048576K
Event: 10063.041 GC heap after
Heap after GC invocations=257 (full 39):
 PSYoungGen      total 214528K, used 0K [0x00000000eab00000, 0x00000000fd880000, 0x0000000100000000)
  eden space 131584K, 0% used [0x00000000eab00000,0x00000000eab00000,0x00000000f2b80000)
  from space 82944K, 0% used [0x00000000f8780000,0x00000000f8780000,0x00000000fd880000)
  to   space 88576K, 0% used [0x00000000f2b80000,0x00000000f2b80000,0x00000000f8200000)
 ParOldGen       total 395776K, used 109934K [0x00000000c0000000, 0x00000000d8280000, 0x00000000eab00000)
  object space 395776K, 27% used [0x00000000c0000000,0x00000000c6b5b888,0x00000000d8280000)
 Metaspace       used 83787K, capacity 89872K, committed 153856K, reserved 1171456K
  class space    used 11793K, capacity 13628K, committed 32000K, reserved 1048576K
}
Event: 10295.833 GC heap before
{Heap before GC invocations=258 (full 39):
 PSYoungGen      total 214528K, used 131584K [0x00000000eab00000, 0x00000000fd880000, 0x0000000100000000)
  eden space 131584K, 100% used [0x00000000eab00000,0x00000000f2b80000,0x00000000f2b80000)
  from space 82944K, 0% used [0x00000000f8780000,0x00000000f8780000,0x00000000fd880000)
  to   space 88576K, 0% used [0x00000000f2b80000,0x00000000f2b80000,0x00000000f8200000)
 ParOldGen       total 395776K, used 109934K [0x00000000c0000000, 0x00000000d8280000, 0x00000000eab00000)
  object space 395776K, 27% used [0x00000000c0000000,0x00000000c6b5b888,0x00000000d8280000)
 Metaspace       used 88036K, capacity 94556K, committed 153856K, reserved 1171456K
  class space    used 12399K, capacity 14421K, committed 32000K, reserved 1048576K
Event: 10295.855 GC heap after
Heap after GC invocations=258 (full 39):
 PSYoungGen      total 220160K, used 15934K [0x00000000eab00000, 0x00000000fd780000, 0x0000000100000000)
  eden space 131584K, 0% used [0x00000000eab00000,0x00000000eab00000,0x00000000f2b80000)
  from space 88576K, 17% used [0x00000000f2b80000,0x00000000f3b0f838,0x00000000f8200000)
  to   space 84992K, 0% used [0x00000000f8480000,0x00000000f8480000,0x00000000fd780000)
 ParOldGen       total 395776K, used 109942K [0x00000000c0000000, 0x00000000d8280000, 0x00000000eab00000)
  object space 395776K, 27% used [0x00000000c0000000,0x00000000c6b5d888,0x00000000d8280000)
 Metaspace       used 88036K, capacity 94556K, committed 153856K, reserved 1171456K
  class space    used 12399K, capacity 14421K, committed 32000K, reserved 1048576K
}
Event: 10296.581 GC heap before
{Heap before GC invocations=259 (full 39):
 PSYoungGen      total 220160K, used 147518K [0x00000000eab00000, 0x00000000fd780000, 0x0000000100000000)
  eden space 131584K, 100% used [0x00000000eab00000,0x00000000f2b80000,0x00000000f2b80000)
  from space 88576K, 17% used [0x00000000f2b80000,0x00000000f3b0f838,0x00000000f8200000)
  to   space 84992K, 0% used [0x00000000f8480000,0x00000000f8480000,0x00000000fd780000)
 ParOldGen       total 395776K, used 109942K [0x00000000c0000000, 0x00000000d8280000, 0x00000000eab00000)
  object space 395776K, 27% used [0x00000000c0000000,0x00000000c6b5d888,0x00000000d8280000)
 Metaspace       used 90594K, capacity 97338K, committed 153856K, reserved 1171456K
  class space    used 12830K, capacity 14952K, committed 32000K, reserved 1048576K
Event: 10296.603 GC heap after
Heap after GC invocations=259 (full 39):
 PSYoungGen      total 212480K, used 23788K [0x00000000eab00000, 0x00000000fcd80000, 0x0000000100000000)
  eden space 137728K, 0% used [0x00000000eab00000,0x00000000eab00000,0x00000000f3180000)
  from space 74752K, 31% used [0x00000000f8480000,0x00000000f9bbb220,0x00000000fcd80000)
  to   space 79872K, 0% used [0x00000000f3180000,0x00000000f3180000,0x00000000f7f80000)
 ParOldGen       total 395776K, used 109942K [0x00000000c0000000, 0x00000000d8280000, 0x00000000eab00000)
  object space 395776K, 27% used [0x00000000c0000000,0x00000000c6b5d888,0x00000000d8280000)
 Metaspace       used 90594K, capacity 97338K, committed 153856K, reserved 1171456K
  class space    used 12830K, capacity 14952K, committed 32000K, reserved 1048576K
}
Event: 10297.468 GC heap before
{Heap before GC invocations=260 (full 39):
 PSYoungGen      total 212480K, used 161516K [0x00000000eab00000, 0x00000000fcd80000, 0x0000000100000000)
  eden space 137728K, 100% used [0x00000000eab00000,0x00000000f3180000,0x00000000f3180000)
  from space 74752K, 31% used [0x00000000f8480000,0x00000000f9bbb220,0x00000000fcd80000)
  to   space 79872K, 0% used [0x00000000f3180000,0x00000000f3180000,0x00000000f7f80000)
 ParOldGen       total 395776K, used 109942K [0x00000000c0000000, 0x00000000d8280000, 0x00000000eab00000)
  object space 395776K, 27% used [0x00000000c0000000,0x00000000c6b5d888,0x00000000d8280000)
 Metaspace       used 92249K, capacity 99404K, committed 153856K, reserved 1171456K
  class space    used 13109K, capacity 15346K, committed 32000K, reserved 1048576K
Event: 10297.500 GC heap after
Heap after GC invocations=260 (full 39):
 PSYoungGen      total 217600K, used 33350K [0x00000000eab00000, 0x00000000fce80000, 0x0000000100000000)
  eden space 137728K, 0% used [0x00000000eab00000,0x00000000eab00000,0x00000000f3180000)
  from space 79872K, 41% used [0x00000000f3180000,0x00000000f5211998,0x00000000f7f80000)
  to   space 76800K, 0% used [0x00000000f8380000,0x00000000f8380000,0x00000000fce80000)
 ParOldGen       total 395776K, used 109950K [0x00000000c0000000, 0x00000000d8280000, 0x00000000eab00000)
  object space 395776K, 27% used [0x00000000c0000000,0x00000000c6b5f888,0x00000000d8280000)
 Metaspace       used 92249K, capacity 99404K, committed 153856K, reserved 1171456K
  class space    used 13109K, capacity 15346K, committed 32000K, reserved 1048576K
}

