# JRE version: Java(TM) SE Runtime Environment (8.0_11-b12) (build 1.8.0_11-b12)
# Java VM: Java HotSpot(TM) 64-Bit Server VM (25.11-b03 mixed mode windows-amd64 compressed oops)
Heap:
 PSYoungGen      total 237056K, used 121795K [0x00000000eab00000, 0x00000000ff780000, 0x0000000100000000)
  eden space 201216K, 42% used [0x00000000eab00000,0x00000000eff48888,0x00000000f6f80000)
  from space 35840K, 99% used [0x00000000f6f80000,0x00000000f9228518,0x00000000f9280000)
  to   space 69632K, 0% used [0x00000000fb380000,0x00000000fb380000,0x00000000ff780000)
 ParOldGen       total 264192K, used 188211K [0x00000000c0000000, 0x00000000d0200000, 0x00000000eab00000)
  object space 264192K, 71% used [0x00000000c0000000,0x00000000cb7ccf08,0x00000000d0200000)
 Metaspace       used 119715K, capacity 131308K, committed 131456K, reserved 1159168K
  class space    used 17198K, capacity 20778K, committed 20864K, reserved 1048576K
GC Heap History (10 events):
Event: 2449.959 GC heap before
{Heap before GC invocations=75 (full 17):
 PSYoungGen      total 269312K, used 240602K [0x00000000eab00000, 0x00000000ff780000, 0x0000000100000000)
  eden space 201216K, 100% used [0x00000000eab00000,0x00000000f6f80000,0x00000000f6f80000)
  from space 68096K, 57% used [0x00000000f6f80000,0x00000000f95f6990,0x00000000fb200000)
  to   space 67072K, 0% used [0x00000000fb600000,0x00000000fb600000,0x00000000ff780000)
 ParOldGen       total 264192K, used 136323K [0x00000000c0000000, 0x00000000d0200000, 0x00000000eab00000)
  object space 264192K, 51% used [0x00000000c0000000,0x00000000c8520e50,0x00000000d0200000)
 Metaspace       used 109666K, capacity 119150K, committed 119296K, reserved 1150976K
  class space    used 15593K, capacity 18572K, committed 18688K, reserved 1048576K
Event: 2450.005 GC heap after
Heap after GC invocations=75 (full 17):
 PSYoungGen      total 269312K, used 53021K [0x00000000eab00000, 0x00000000fff80000, 0x0000000100000000)
  eden space 202240K, 0% used [0x00000000eab00000,0x00000000eab00000,0x00000000f7080000)
  from space 67072K, 79% used [0x00000000fb600000,0x00000000fe9c77c0,0x00000000ff780000)
  to   space 71168K, 0% used [0x00000000f7080000,0x00000000f7080000,0x00000000fb600000)
 ParOldGen       total 264192K, used 136331K [0x00000000c0000000, 0x00000000d0200000, 0x00000000eab00000)
  object space 264192K, 51% used [0x00000000c0000000,0x00000000c8522e50,0x00000000d0200000)
 Metaspace       used 109666K, capacity 119150K, committed 119296K, reserved 1150976K
  class space    used 15593K, capacity 18572K, committed 18688K, reserved 1048576K
}
Event: 2450.700 GC heap before
{Heap before GC invocations=76 (full 17):
 PSYoungGen      total 269312K, used 149149K [0x00000000eab00000, 0x00000000fff80000, 0x0000000100000000)
  eden space 202240K, 47% used [0x00000000eab00000,0x00000000f08dfed0,0x00000000f7080000)
  from space 67072K, 79% used [0x00000000fb600000,0x00000000fe9c77c0,0x00000000ff780000)
  to   space 71168K, 0% used [0x00000000f7080000,0x00000000f7080000,0x00000000fb600000)
 ParOldGen       total 264192K, used 136331K [0x00000000c0000000, 0x00000000d0200000, 0x00000000eab00000)
  object space 264192K, 51% used [0x00000000c0000000,0x00000000c8522e50,0x00000000d0200000)
 Metaspace       used 110905K, capacity 120796K, committed 121088K, reserved 1150976K
  class space    used 15796K, capacity 18895K, committed 18944K, reserved 1048576K
Event: 2450.752 GC heap after
Heap after GC invocations=76 (full 17):
 PSYoungGen      total 273408K, used 54229K [0x00000000eab00000, 0x0000000100000000, 0x0000000100000000)
  eden space 202240K, 0% used [0x00000000eab00000,0x00000000eab00000,0x00000000f7080000)
  from space 71168K, 76% used [0x00000000f7080000,0x00000000fa575738,0x00000000fb600000)
  to   space 74752K, 0% used [0x00000000fb700000,0x00000000fb700000,0x0000000100000000)
 ParOldGen       total 264192K, used 136339K [0x00000000c0000000, 0x00000000d0200000, 0x00000000eab00000)
  object space 264192K, 51% used [0x00000000c0000000,0x00000000c8524e50,0x00000000d0200000)
 Metaspace       used 110905K, capacity 120796K, committed 121088K, reserved 1150976K
  class space    used 15796K, capacity 18895K, committed 18944K, reserved 1048576K
}
Event: 2450.752 GC heap before
{Heap before GC invocations=77 (full 18):
 PSYoungGen      total 273408K, used 54229K [0x00000000eab00000, 0x0000000100000000, 0x0000000100000000)
  eden space 202240K, 0% used [0x00000000eab00000,0x00000000eab00000,0x00000000f7080000)
  from space 71168K, 76% used [0x00000000f7080000,0x00000000fa575738,0x00000000fb600000)
  to   space 74752K, 0% used [0x00000000fb700000,0x00000000fb700000,0x0000000100000000)
 ParOldGen       total 264192K, used 136339K [0x00000000c0000000, 0x00000000d0200000, 0x00000000eab00000)
  object space 264192K, 51% used [0x00000000c0000000,0x00000000c8524e50,0x00000000d0200000)
 Metaspace       used 110905K, capacity 120796K, committed 121088K, reserved 1150976K
  class space    used 15796K, capacity 18895K, committed 18944K, reserved 1048576K
Event: 2452.155 GC heap after
Heap after GC invocations=77 (full 18):
 PSYoungGen      total 273408K, used 0K [0x00000000eab00000, 0x0000000100000000, 0x0000000100000000)
  eden space 202240K, 0% used [0x00000000eab00000,0x00000000eab00000,0x00000000f7080000)
  from space 71168K, 0% used [0x00000000f7080000,0x00000000f7080000,0x00000000fb600000)
  to   space 74752K, 0% used [0x00000000fb700000,0x00000000fb700000,0x0000000100000000)
 ParOldGen       total 264192K, used 188203K [0x00000000c0000000, 0x00000000d0200000, 0x00000000eab00000)
  object space 264192K, 71% used [0x00000000c0000000,0x00000000cb7caf08,0x00000000d0200000)
 Metaspace       used 110871K, capacity 120682K, committed 121088K, reserved 1150976K
  class space    used 15790K, capacity 18861K, committed 18944K, reserved 1048576K
}
Event: 2455.218 GC heap before
{Heap before GC invocations=78 (full 18):
 PSYoungGen      total 273408K, used 202240K [0x00000000eab00000, 0x0000000100000000, 0x0000000100000000)
  eden space 202240K, 100% used [0x00000000eab00000,0x00000000f7080000,0x00000000f7080000)
  from space 71168K, 0% used [0x00000000f7080000,0x00000000f7080000,0x00000000fb600000)
  to   space 74752K, 0% used [0x00000000fb700000,0x00000000fb700000,0x0000000100000000)
 ParOldGen       total 264192K, used 188203K [0x00000000c0000000, 0x00000000d0200000, 0x00000000eab00000)
  object space 264192K, 71% used [0x00000000c0000000,0x00000000cb7caf08,0x00000000d0200000)
 Metaspace       used 116661K, capacity 127048K, committed 127232K, reserved 1157120K
  class space    used 16628K, capacity 19905K, committed 19968K, reserved 1048576K
Event: 2455.240 GC heap after
Heap after GC invocations=78 (full 18):
 PSYoungGen      total 275968K, used 23476K [0x00000000eab00000, 0x0000000100000000, 0x0000000100000000)
  eden space 201216K, 0% used [0x00000000eab00000,0x00000000eab00000,0x00000000f6f80000)
  from space 74752K, 31% used [0x00000000fb700000,0x00000000fcded2a8,0x0000000100000000)
  to   space 73216K, 0% used [0x00000000f6f80000,0x00000000f6f80000,0x00000000fb700000)
 ParOldGen       total 264192K, used 188211K [0x00000000c0000000, 0x00000000d0200000, 0x00000000eab00000)
  object space 264192K, 71% used [0x00000000c0000000,0x00000000cb7ccf08,0x00000000d0200000)
 Metaspace       used 116661K, capacity 127048K, committed 127232K, reserved 1157120K
  class space    used 16628K, capacity 19905K, committed 19968K, reserved 1048576K
}
Event: 2456.886 GC heap before
{Heap before GC invocations=79 (full 18):
 PSYoungGen      total 275968K, used 224692K [0x00000000eab00000, 0x0000000100000000, 0x0000000100000000)
  eden space 201216K, 100% used [0x00000000eab00000,0x00000000f6f80000,0x00000000f6f80000)
  from space 74752K, 31% used [0x00000000fb700000,0x00000000fcded2a8,0x0000000100000000)
  to   space 73216K, 0% used [0x00000000f6f80000,0x00000000f6f80000,0x00000000fb700000)
 ParOldGen       total 264192K, used 188211K [0x00000000c0000000, 0x00000000d0200000, 0x00000000eab00000)
  object space 264192K, 71% used [0x00000000c0000000,0x00000000cb7ccf08,0x00000000d0200000)
 Metaspace       used 119393K, capacity 130412K, committed 130560K, reserved 1159168K
  class space    used 17117K, capacity 20613K, committed 20736K, reserved 1048576K
Event: 2456.972 GC heap after
Heap after GC invocations=79 (full 18):
 PSYoungGen      total 237056K, used 35489K [0x00000000eab00000, 0x00000000ff780000, 0x0000000100000000)
  eden space 201216K, 0% used [0x00000000eab00000,0x00000000eab00000,0x00000000f6f80000)
  from space 35840K, 99% used [0x00000000f6f80000,0x00000000f9228518,0x00000000f9280000)
  to   space 69632K, 0% used [0x00000000fb380000,0x00000000fb380000,0x00000000ff780000)
 ParOldGen       total 264192K, used 188211K [0x00000000c0000000, 0x00000000d0200000, 0x00000000eab00000)
  object space 264192K, 71% used [0x00000000c0000000,0x00000000cb7ccf08,0x00000000d0200000)
 Metaspace       used 119393K, capacity 130412K, committed 130560K, reserved 1159168K
  class space    used 17117K, capacity 20613K, committed 20736K, reserved 1048576K
}

