# JRE version: Java(TM) SE Runtime Environment (8.0_11-b12) (build 1.8.0_11-b12)
# Java VM: Java HotSpot(TM) 64-Bit Server VM (25.11-b03 mixed mode windows-amd64 compressed oops)
Heap:
 PSYoungGen      total 232960K, used 88016K [0x00000000eab00000, 0x0000000100000000, 0x0000000100000000)
  eden space 116736K, 66% used [0x00000000eab00000,0x00000000ef70b1e8,0x00000000f1d00000)
  from space 116224K, 8% used [0x00000000f1d00000,0x00000000f26e90e8,0x00000000f8e80000)
  to   space 116224K, 0% used [0x00000000f8e80000,0x00000000f8e80000,0x0000000100000000)
 ParOldGen       total 281088K, used 83894K [0x00000000c0000000, 0x00000000d1280000, 0x00000000eab00000)
  object space 281088K, 29% used [0x00000000c0000000,0x00000000c51edbb0,0x00000000d1280000)
 Metaspace       used 71011K, capacity 74996K, committed 81408K, reserved 1118208K
  class space    used 9934K, capacity 11136K, committed 13568K, reserved 1048576K
GC Heap History (10 events):
Event: 2852.579 GC heap before
{Heap before GC invocations=102 (full 18):
 PSYoungGen      total 232960K, used 21823K [0x00000000eab00000, 0x0000000100000000, 0x0000000100000000)
  eden space 116736K, 15% used [0x00000000eab00000,0x00000000ebc98d20,0x00000000f1d00000)
  from space 116224K, 3% used [0x00000000f1d00000,0x00000000f20b7290,0x00000000f8e80000)
  to   space 116224K, 0% used [0x00000000f8e80000,0x00000000f8e80000,0x0000000100000000)
 ParOldGen       total 281088K, used 174742K [0x00000000c0000000, 0x00000000d1280000, 0x00000000eab00000)
  object space 281088K, 62% used [0x00000000c0000000,0x00000000caaa5a30,0x00000000d1280000)
 Metaspace       used 62381K, capacity 65242K, committed 81408K, reserved 1118208K
  class space    used 8604K, capacity 9442K, committed 13568K, reserved 1048576K
Event: 2852.586 GC heap after
Heap after GC invocations=102 (full 18):
 PSYoungGen      total 232960K, used 1152K [0x00000000eab00000, 0x0000000100000000, 0x0000000100000000)
  eden space 116736K, 0% used [0x00000000eab00000,0x00000000eab00000,0x00000000f1d00000)
  from space 116224K, 0% used [0x00000000f8e80000,0x00000000f8fa0000,0x0000000100000000)
  to   space 116224K, 0% used [0x00000000f1d00000,0x00000000f1d00000,0x00000000f8e80000)
 ParOldGen       total 281088K, used 177121K [0x00000000c0000000, 0x00000000d1280000, 0x00000000eab00000)
  object space 281088K, 63% used [0x00000000c0000000,0x00000000cacf8608,0x00000000d1280000)
 Metaspace       used 62381K, capacity 65242K, committed 81408K, reserved 1118208K
  class space    used 8604K, capacity 9442K, committed 13568K, reserved 1048576K
}
Event: 2852.586 GC heap before
{Heap before GC invocations=103 (full 19):
 PSYoungGen      total 232960K, used 1152K [0x00000000eab00000, 0x0000000100000000, 0x0000000100000000)
  eden space 116736K, 0% used [0x00000000eab00000,0x00000000eab00000,0x00000000f1d00000)
  from space 116224K, 0% used [0x00000000f8e80000,0x00000000f8fa0000,0x0000000100000000)
  to   space 116224K, 0% used [0x00000000f1d00000,0x00000000f1d00000,0x00000000f8e80000)
 ParOldGen       total 281088K, used 177121K [0x00000000c0000000, 0x00000000d1280000, 0x00000000eab00000)
  object space 281088K, 63% used [0x00000000c0000000,0x00000000cacf8608,0x00000000d1280000)
 Metaspace       used 62381K, capacity 65242K, committed 81408K, reserved 1118208K
  class space    used 8604K, capacity 9442K, committed 13568K, reserved 1048576K
Event: 2853.013 GC heap after
Heap after GC invocations=103 (full 19):
 PSYoungGen      total 232960K, used 0K [0x00000000eab00000, 0x0000000100000000, 0x0000000100000000)
  eden space 116736K, 0% used [0x00000000eab00000,0x00000000eab00000,0x00000000f1d00000)
  from space 116224K, 0% used [0x00000000f8e80000,0x00000000f8e80000,0x0000000100000000)
  to   space 116224K, 0% used [0x00000000f1d00000,0x00000000f1d00000,0x00000000f8e80000)
 ParOldGen       total 281088K, used 63325K [0x00000000c0000000, 0x00000000d1280000, 0x00000000eab00000)
  object space 281088K, 22% used [0x00000000c0000000,0x00000000c3dd74b8,0x00000000d1280000)
 Metaspace       used 62305K, capacity 65018K, committed 81408K, reserved 1118208K
  class space    used 8586K, capacity 9364K, committed 13568K, reserved 1048576K
}
Event: 2909.373 GC heap before
{Heap before GC invocations=104 (full 19):
 PSYoungGen      total 232960K, used 116736K [0x00000000eab00000, 0x0000000100000000, 0x0000000100000000)
  eden space 116736K, 100% used [0x00000000eab00000,0x00000000f1d00000,0x00000000f1d00000)
  from space 116224K, 0% used [0x00000000f8e80000,0x00000000f8e80000,0x0000000100000000)
  to   space 116224K, 0% used [0x00000000f1d00000,0x00000000f1d00000,0x00000000f8e80000)
 ParOldGen       total 281088K, used 63325K [0x00000000c0000000, 0x00000000d1280000, 0x00000000eab00000)
  object space 281088K, 22% used [0x00000000c0000000,0x00000000c3dd74b8,0x00000000d1280000)
 Metaspace       used 66642K, capacity 69910K, committed 81408K, reserved 1118208K
  class space    used 9201K, capacity 10166K, committed 13568K, reserved 1048576K
Event: 2909.406 GC heap after
Heap after GC invocations=104 (full 19):
 PSYoungGen      total 232960K, used 14175K [0x00000000eab00000, 0x0000000100000000, 0x0000000100000000)
  eden space 116736K, 0% used [0x00000000eab00000,0x00000000eab00000,0x00000000f1d00000)
  from space 116224K, 12% used [0x00000000f1d00000,0x00000000f2ad7c50,0x00000000f8e80000)
  to   space 116224K, 0% used [0x00000000f8e80000,0x00000000f8e80000,0x0000000100000000)
 ParOldGen       total 281088K, used 63325K [0x00000000c0000000, 0x00000000d1280000, 0x00000000eab00000)
  object space 281088K, 22% used [0x00000000c0000000,0x00000000c3dd74b8,0x00000000d1280000)
 Metaspace       used 66642K, capacity 69910K, committed 81408K, reserved 1118208K
  class space    used 9201K, capacity 10166K, committed 13568K, reserved 1048576K
}
Event: 2910.602 GC heap before
{Heap before GC invocations=105 (full 19):
 PSYoungGen      total 232960K, used 130911K [0x00000000eab00000, 0x0000000100000000, 0x0000000100000000)
  eden space 116736K, 100% used [0x00000000eab00000,0x00000000f1d00000,0x00000000f1d00000)
  from space 116224K, 12% used [0x00000000f1d00000,0x00000000f2ad7c50,0x00000000f8e80000)
  to   space 116224K, 0% used [0x00000000f8e80000,0x00000000f8e80000,0x0000000100000000)
 ParOldGen       total 281088K, used 63325K [0x00000000c0000000, 0x00000000d1280000, 0x00000000eab00000)
  object space 281088K, 22% used [0x00000000c0000000,0x00000000c3dd74b8,0x00000000d1280000)
 Metaspace       used 68701K, capacity 72072K, committed 81408K, reserved 1118208K
  class space    used 9524K, capacity 10542K, committed 13568K, reserved 1048576K
Event: 2910.662 GC heap after
Heap after GC invocations=105 (full 19):
 PSYoungGen      total 232960K, used 12675K [0x00000000eab00000, 0x0000000100000000, 0x0000000100000000)
  eden space 116736K, 0% used [0x00000000eab00000,0x00000000eab00000,0x00000000f1d00000)
  from space 116224K, 10% used [0x00000000f8e80000,0x00000000f9ae0e78,0x0000000100000000)
  to   space 116224K, 0% used [0x00000000f1d00000,0x00000000f1d00000,0x00000000f8e80000)
 ParOldGen       total 281088K, used 72748K [0x00000000c0000000, 0x00000000d1280000, 0x00000000eab00000)
  object space 281088K, 25% used [0x00000000c0000000,0x00000000c470b170,0x00000000d1280000)
 Metaspace       used 68701K, capacity 72072K, committed 81408K, reserved 1118208K
  class space    used 9524K, capacity 10542K, committed 13568K, reserved 1048576K
}
Event: 2911.690 GC heap before
{Heap before GC invocations=106 (full 19):
 PSYoungGen      total 232960K, used 129411K [0x00000000eab00000, 0x0000000100000000, 0x0000000100000000)
  eden space 116736K, 100% used [0x00000000eab00000,0x00000000f1d00000,0x00000000f1d00000)
  from space 116224K, 10% used [0x00000000f8e80000,0x00000000f9ae0e78,0x0000000100000000)
  to   space 116224K, 0% used [0x00000000f1d00000,0x00000000f1d00000,0x00000000f8e80000)
 ParOldGen       total 281088K, used 72748K [0x00000000c0000000, 0x00000000d1280000, 0x00000000eab00000)
  object space 281088K, 25% used [0x00000000c0000000,0x00000000c470b170,0x00000000d1280000)
 Metaspace       used 70364K, capacity 74006K, committed 81408K, reserved 1118208K
  class space    used 9796K, capacity 10942K, committed 13568K, reserved 1048576K
Event: 2911.717 GC heap after
Heap after GC invocations=106 (full 19):
 PSYoungGen      total 232960K, used 10148K [0x00000000eab00000, 0x0000000100000000, 0x0000000100000000)
  eden space 116736K, 0% used [0x00000000eab00000,0x00000000eab00000,0x00000000f1d00000)
  from space 116224K, 8% used [0x00000000f1d00000,0x00000000f26e90e8,0x00000000f8e80000)
  to   space 116224K, 0% used [0x00000000f8e80000,0x00000000f8e80000,0x0000000100000000)
 ParOldGen       total 281088K, used 83894K [0x00000000c0000000, 0x00000000d1280000, 0x00000000eab00000)
  object space 281088K, 29% used [0x00000000c0000000,0x00000000c51edbb0,0x00000000d1280000)
 Metaspace       used 70364K, capacity 74006K, committed 81408K, reserved 1118208K
  class space    used 9796K, capacity 10942K, committed 13568K, reserved 1048576K
}

