# JRE version: Java(TM) SE Runtime Environment (8.0_11-b12) (build 1.8.0_11-b12)
# Java VM: Java HotSpot(TM) 64-Bit Server VM (25.11-b03 mixed mode windows-amd64 compressed oops)
Heap:
 PSYoungGen      total 249856K, used 90575K [0x00000000eab00000, 0x00000000ff300000, 0x0000000100000000)
  eden space 168960K, 36% used [0x00000000eab00000,0x00000000ee759dc8,0x00000000f5000000)
  from space 80896K, 35% used [0x00000000fa400000,0x00000000fc019ed8,0x00000000ff300000)
  to   space 83456K, 0% used [0x00000000f5000000,0x00000000f5000000,0x00000000fa180000)
 ParOldGen       total 235520K, used 222218K [0x00000000c0000000, 0x00000000ce600000, 0x00000000eab00000)
  object space 235520K, 94% used [0x00000000c0000000,0x00000000cd902a90,0x00000000ce600000)
 Metaspace       used 157781K, capacity 170606K, committed 171392K, reserved 1193984K
  class space    used 22954K, capacity 27474K, committed 27776K, reserved 1048576K
GC Heap History (10 events):
Event: 5152.660 GC heap before
{Heap before GC invocations=99 (full 20):
 PSYoungGen      total 232448K, used 224212K [0x00000000eab00000, 0x00000000fe700000, 0x0000000100000000)
  eden space 162816K, 100% used [0x00000000eab00000,0x00000000f4a00000,0x00000000f4a00000)
  from space 69632K, 88% used [0x00000000f9480000,0x00000000fd0753e8,0x00000000fd880000)
  to   space 76288K, 0% used [0x00000000f4a00000,0x00000000f4a00000,0x00000000f9480000)
 ParOldGen       total 235520K, used 168037K [0x00000000c0000000, 0x00000000ce600000, 0x00000000eab00000)
  object space 235520K, 71% used [0x00000000c0000000,0x00000000ca419500,0x00000000ce600000)
 Metaspace       used 148607K, capacity 160158K, committed 162176K, reserved 1185792K
  class space    used 21540K, capacity 25587K, committed 25984K, reserved 1048576K
Event: 5152.724 GC heap after
Heap after GC invocations=99 (full 20):
 PSYoungGen      total 239104K, used 70553K [0x00000000eab00000, 0x00000000ff380000, 0x0000000100000000)
  eden space 162816K, 0% used [0x00000000eab00000,0x00000000eab00000,0x00000000f4a00000)
  from space 76288K, 92% used [0x00000000f4a00000,0x00000000f8ee67c8,0x00000000f9480000)
  to   space 84480K, 0% used [0x00000000fa100000,0x00000000fa100000,0x00000000ff380000)
 ParOldGen       total 235520K, used 168037K [0x00000000c0000000, 0x00000000ce600000, 0x00000000eab00000)
  object space 235520K, 71% used [0x00000000c0000000,0x00000000ca419500,0x00000000ce600000)
 Metaspace       used 148607K, capacity 160158K, committed 162176K, reserved 1185792K
  class space    used 21540K, capacity 25587K, committed 25984K, reserved 1048576K
}
Event: 5153.417 GC heap before
{Heap before GC invocations=100 (full 20):
 PSYoungGen      total 239104K, used 124874K [0x00000000eab00000, 0x00000000ff380000, 0x0000000100000000)
  eden space 162816K, 33% used [0x00000000eab00000,0x00000000ee00c178,0x00000000f4a00000)
  from space 76288K, 92% used [0x00000000f4a00000,0x00000000f8ee67c8,0x00000000f9480000)
  to   space 84480K, 0% used [0x00000000fa100000,0x00000000fa100000,0x00000000ff380000)
 ParOldGen       total 235520K, used 168037K [0x00000000c0000000, 0x00000000ce600000, 0x00000000eab00000)
  object space 235520K, 71% used [0x00000000c0000000,0x00000000ca419500,0x00000000ce600000)
 Metaspace       used 149333K, capacity 161066K, committed 162816K, reserved 1185792K
  class space    used 21646K, capacity 25751K, committed 26112K, reserved 1048576K
Event: 5153.470 GC heap after
Heap after GC invocations=100 (full 20):
 PSYoungGen      total 249856K, used 57962K [0x00000000eab00000, 0x00000000ff780000, 0x0000000100000000)
  eden space 165376K, 0% used [0x00000000eab00000,0x00000000eab00000,0x00000000f4c80000)
  from space 84480K, 68% used [0x00000000fa100000,0x00000000fd99abe8,0x00000000ff380000)
  to   space 86528K, 0% used [0x00000000f4c80000,0x00000000f4c80000,0x00000000fa100000)
 ParOldGen       total 235520K, used 168037K [0x00000000c0000000, 0x00000000ce600000, 0x00000000eab00000)
  object space 235520K, 71% used [0x00000000c0000000,0x00000000ca419500,0x00000000ce600000)
 Metaspace       used 149333K, capacity 161066K, committed 162816K, reserved 1185792K
  class space    used 21646K, capacity 25751K, committed 26112K, reserved 1048576K
}
Event: 5153.470 GC heap before
{Heap before GC invocations=101 (full 21):
 PSYoungGen      total 249856K, used 57962K [0x00000000eab00000, 0x00000000ff780000, 0x0000000100000000)
  eden space 165376K, 0% used [0x00000000eab00000,0x00000000eab00000,0x00000000f4c80000)
  from space 84480K, 68% used [0x00000000fa100000,0x00000000fd99abe8,0x00000000ff380000)
  to   space 86528K, 0% used [0x00000000f4c80000,0x00000000f4c80000,0x00000000fa100000)
 ParOldGen       total 235520K, used 168037K [0x00000000c0000000, 0x00000000ce600000, 0x00000000eab00000)
  object space 235520K, 71% used [0x00000000c0000000,0x00000000ca419500,0x00000000ce600000)
 Metaspace       used 149333K, capacity 161066K, committed 162816K, reserved 1185792K
  class space    used 21646K, capacity 25751K, committed 26112K, reserved 1048576K
Event: 5155.163 GC heap after
Heap after GC invocations=101 (full 21):
 PSYoungGen      total 249856K, used 0K [0x00000000eab00000, 0x00000000ff780000, 0x0000000100000000)
  eden space 165376K, 0% used [0x00000000eab00000,0x00000000eab00000,0x00000000f4c80000)
  from space 84480K, 0% used [0x00000000fa100000,0x00000000fa100000,0x00000000ff380000)
  to   space 86528K, 0% used [0x00000000f4c80000,0x00000000f4c80000,0x00000000fa100000)
 ParOldGen       total 235520K, used 222202K [0x00000000c0000000, 0x00000000ce600000, 0x00000000eab00000)
  object space 235520K, 94% used [0x00000000c0000000,0x00000000cd8fea90,0x00000000ce600000)
 Metaspace       used 149333K, capacity 161066K, committed 162816K, reserved 1185792K
  class space    used 21646K, capacity 25751K, committed 26112K, reserved 1048576K
}
Event: 5222.154 GC heap before
{Heap before GC invocations=102 (full 21):
 PSYoungGen      total 249856K, used 165376K [0x00000000eab00000, 0x00000000ff780000, 0x0000000100000000)
  eden space 165376K, 100% used [0x00000000eab00000,0x00000000f4c80000,0x00000000f4c80000)
  from space 84480K, 0% used [0x00000000fa100000,0x00000000fa100000,0x00000000ff380000)
  to   space 86528K, 0% used [0x00000000f4c80000,0x00000000f4c80000,0x00000000fa100000)
 ParOldGen       total 235520K, used 222202K [0x00000000c0000000, 0x00000000ce600000, 0x00000000eab00000)
  object space 235520K, 94% used [0x00000000c0000000,0x00000000cd8fea90,0x00000000ce600000)
 Metaspace       used 154301K, capacity 166596K, committed 168064K, reserved 1189888K
  class space    used 22364K, capacity 26671K, committed 27008K, reserved 1048576K
Event: 5222.167 GC heap after
Heap after GC invocations=102 (full 21):
 PSYoungGen      total 251904K, used 19001K [0x00000000eab00000, 0x00000000ff800000, 0x0000000100000000)
  eden space 165376K, 0% used [0x00000000eab00000,0x00000000eab00000,0x00000000f4c80000)
  from space 86528K, 21% used [0x00000000f4c80000,0x00000000f5f0e660,0x00000000fa100000)
  to   space 86016K, 0% used [0x00000000fa400000,0x00000000fa400000,0x00000000ff800000)
 ParOldGen       total 235520K, used 222210K [0x00000000c0000000, 0x00000000ce600000, 0x00000000eab00000)
  object space 235520K, 94% used [0x00000000c0000000,0x00000000cd900a90,0x00000000ce600000)
 Metaspace       used 154301K, capacity 166596K, committed 168064K, reserved 1189888K
  class space    used 22364K, capacity 26671K, committed 27008K, reserved 1048576K
}
Event: 5223.140 GC heap before
{Heap before GC invocations=103 (full 21):
 PSYoungGen      total 251904K, used 184377K [0x00000000eab00000, 0x00000000ff800000, 0x0000000100000000)
  eden space 165376K, 100% used [0x00000000eab00000,0x00000000f4c80000,0x00000000f4c80000)
  from space 86528K, 21% used [0x00000000f4c80000,0x00000000f5f0e660,0x00000000fa100000)
  to   space 86016K, 0% used [0x00000000fa400000,0x00000000fa400000,0x00000000ff800000)
 ParOldGen       total 235520K, used 222210K [0x00000000c0000000, 0x00000000ce600000, 0x00000000eab00000)
  object space 235520K, 94% used [0x00000000c0000000,0x00000000cd900a90,0x00000000ce600000)
 Metaspace       used 156989K, capacity 169564K, committed 170624K, reserved 1191936K
  class space    used 22807K, capacity 27274K, committed 27520K, reserved 1048576K
Event: 5223.164 GC heap after
Heap after GC invocations=103 (full 21):
 PSYoungGen      total 249856K, used 28775K [0x00000000eab00000, 0x00000000ff300000, 0x0000000100000000)
  eden space 168960K, 0% used [0x00000000eab00000,0x00000000eab00000,0x00000000f5000000)
  from space 80896K, 35% used [0x00000000fa400000,0x00000000fc019ed8,0x00000000ff300000)
  to   space 83456K, 0% used [0x00000000f5000000,0x00000000f5000000,0x00000000fa180000)
 ParOldGen       total 235520K, used 222218K [0x00000000c0000000, 0x00000000ce600000, 0x00000000eab00000)
  object space 235520K, 94% used [0x00000000c0000000,0x00000000cd902a90,0x00000000ce600000)
 Metaspace       used 156989K, capacity 169564K, committed 170624K, reserved 1191936K
  class space    used 22807K, capacity 27274K, committed 27520K, reserved 1048576K
}

