# JRE version: Java(TM) SE Runtime Environment (8.0_11-b12) (build 1.8.0_11-b12)
# Java VM: Java HotSpot(TM) 64-Bit Server VM (25.11-b03 mixed mode windows-amd64 compressed oops)
Heap:
 PSYoungGen      total 233472K, used 137273K [0x00000000eab00000, 0x00000000ff100000, 0x0000000100000000)
  eden space 138752K, 88% used [0x00000000eab00000,0x00000000f237d948,0x00000000f3280000)
  from space 94720K, 14% used [0x00000000f3280000,0x00000000f4010d28,0x00000000f8f00000)
  to   space 89600K, 0% used [0x00000000f9980000,0x00000000f9980000,0x00000000ff100000)
 ParOldGen       total 297984K, used 104891K [0x00000000c0000000, 0x00000000d2300000, 0x00000000eab00000)
  object space 297984K, 35% used [0x00000000c0000000,0x00000000c666ec28,0x00000000d2300000)
 Metaspace       used 83373K, capacity 89098K, committed 153600K, reserved 1167360K
  class space    used 11713K, capacity 13526K, committed 35328K, reserved 1048576K
GC Heap History (10 events):
Event: 5833.577 GC heap before
{Heap before GC invocations=213 (full 39):
 PSYoungGen      total 233472K, used 133600K [0x00000000eab00000, 0x00000000ffb00000, 0x0000000100000000)
  eden space 123904K, 100% used [0x00000000eab00000,0x00000000f2400000,0x00000000f2400000)
  from space 109568K, 8% used [0x00000000f2400000,0x00000000f2d78000,0x00000000f8f00000)
  to   space 105984K, 0% used [0x00000000f9380000,0x00000000f9380000,0x00000000ffb00000)
 ParOldGen       total 297984K, used 198396K [0x00000000c0000000, 0x00000000d2300000, 0x00000000eab00000)
  object space 297984K, 66% used [0x00000000c0000000,0x00000000cc1bf378,0x00000000d2300000)
 Metaspace       used 73482K, capacity 78090K, committed 153600K, reserved 1167360K
  class space    used 10154K, capacity 11502K, committed 35328K, reserved 1048576K
Event: 5833.613 GC heap after
Heap after GC invocations=213 (full 39):
 PSYoungGen      total 235008K, used 6464K [0x00000000eab00000, 0x00000000ff680000, 0x0000000100000000)
  eden space 133632K, 0% used [0x00000000eab00000,0x00000000eab00000,0x00000000f2d80000)
  from space 101376K, 6% used [0x00000000f9380000,0x00000000f99d0000,0x00000000ff680000)
  to   space 102912K, 0% used [0x00000000f2d80000,0x00000000f2d80000,0x00000000f9200000)
 ParOldGen       total 297984K, used 208092K [0x00000000c0000000, 0x00000000d2300000, 0x00000000eab00000)
  object space 297984K, 69% used [0x00000000c0000000,0x00000000ccb37378,0x00000000d2300000)
 Metaspace       used 73482K, capacity 78090K, committed 153600K, reserved 1167360K
  class space    used 10154K, capacity 11502K, committed 35328K, reserved 1048576K
}
Event: 5902.456 GC heap before
{Heap before GC invocations=214 (full 39):
 PSYoungGen      total 235008K, used 138998K [0x00000000eab00000, 0x00000000ff680000, 0x0000000100000000)
  eden space 133632K, 99% used [0x00000000eab00000,0x00000000f2c6daa8,0x00000000f2d80000)
  from space 101376K, 6% used [0x00000000f9380000,0x00000000f99d0000,0x00000000ff680000)
  to   space 102912K, 0% used [0x00000000f2d80000,0x00000000f2d80000,0x00000000f9200000)
 ParOldGen       total 297984K, used 208092K [0x00000000c0000000, 0x00000000d2300000, 0x00000000eab00000)
  object space 297984K, 69% used [0x00000000c0000000,0x00000000ccb37378,0x00000000d2300000)
 Metaspace       used 75042K, capacity 79738K, committed 153600K, reserved 1167360K
  class space    used 10428K, capacity 11837K, committed 35328K, reserved 1048576K
Event: 5902.482 GC heap after
Heap after GC invocations=214 (full 39):
 PSYoungGen      total 138240K, used 4204K [0x00000000eab00000, 0x00000000ff080000, 0x0000000100000000)
  eden space 133632K, 0% used [0x00000000eab00000,0x00000000eab00000,0x00000000f2d80000)
  from space 4608K, 91% used [0x00000000f2d80000,0x00000000f319b050,0x00000000f3200000)
  to   space 99840K, 0% used [0x00000000f8f00000,0x00000000f8f00000,0x00000000ff080000)
 ParOldGen       total 297984K, used 212692K [0x00000000c0000000, 0x00000000d2300000, 0x00000000eab00000)
  object space 297984K, 71% used [0x00000000c0000000,0x00000000ccfb5378,0x00000000d2300000)
 Metaspace       used 75042K, capacity 79738K, committed 153600K, reserved 1167360K
  class space    used 10428K, capacity 11837K, committed 35328K, reserved 1048576K
}
Event: 5902.482 GC heap before
{Heap before GC invocations=215 (full 40):
 PSYoungGen      total 138240K, used 4204K [0x00000000eab00000, 0x00000000ff080000, 0x0000000100000000)
  eden space 133632K, 0% used [0x00000000eab00000,0x00000000eab00000,0x00000000f2d80000)
  from space 4608K, 91% used [0x00000000f2d80000,0x00000000f319b050,0x00000000f3200000)
  to   space 99840K, 0% used [0x00000000f8f00000,0x00000000f8f00000,0x00000000ff080000)
 ParOldGen       total 297984K, used 212692K [0x00000000c0000000, 0x00000000d2300000, 0x00000000eab00000)
  object space 297984K, 71% used [0x00000000c0000000,0x00000000ccfb5378,0x00000000d2300000)
 Metaspace       used 75042K, capacity 79738K, committed 153600K, reserved 1167360K
  class space    used 10428K, capacity 11837K, committed 35328K, reserved 1048576K
Event: 5902.874 GC heap after
Heap after GC invocations=215 (full 40):
 PSYoungGen      total 138240K, used 0K [0x00000000eab00000, 0x00000000ff080000, 0x0000000100000000)
  eden space 133632K, 0% used [0x00000000eab00000,0x00000000eab00000,0x00000000f2d80000)
  from space 4608K, 0% used [0x00000000f2d80000,0x00000000f2d80000,0x00000000f3200000)
  to   space 99840K, 0% used [0x00000000f8f00000,0x00000000f8f00000,0x00000000ff080000)
 ParOldGen       total 297984K, used 94721K [0x00000000c0000000, 0x00000000d2300000, 0x00000000eab00000)
  object space 297984K, 31% used [0x00000000c0000000,0x00000000c5c806b0,0x00000000d2300000)
 Metaspace       used 75042K, capacity 79738K, committed 153600K, reserved 1167360K
  class space    used 10428K, capacity 11837K, committed 35328K, reserved 1048576K
}
Event: 6859.833 GC heap before
{Heap before GC invocations=216 (full 40):
 PSYoungGen      total 138240K, used 133632K [0x00000000eab00000, 0x00000000ff080000, 0x0000000100000000)
  eden space 133632K, 100% used [0x00000000eab00000,0x00000000f2d80000,0x00000000f2d80000)
  from space 4608K, 0% used [0x00000000f2d80000,0x00000000f2d80000,0x00000000f3200000)
  to   space 99840K, 0% used [0x00000000f8f00000,0x00000000f8f00000,0x00000000ff080000)
 ParOldGen       total 297984K, used 94721K [0x00000000c0000000, 0x00000000d2300000, 0x00000000eab00000)
  object space 297984K, 31% used [0x00000000c0000000,0x00000000c5c806b0,0x00000000d2300000)
 Metaspace       used 79255K, capacity 84398K, committed 153600K, reserved 1167360K
  class space    used 11030K, capacity 12625K, committed 35328K, reserved 1048576K
Event: 6859.845 GC heap after
Heap after GC invocations=216 (full 40):
 PSYoungGen      total 238592K, used 14900K [0x00000000eab00000, 0x00000000ff600000, 0x0000000100000000)
  eden space 138752K, 0% used [0x00000000eab00000,0x00000000eab00000,0x00000000f3280000)
  from space 99840K, 14% used [0x00000000f8f00000,0x00000000f9d8d348,0x00000000ff080000)
  to   space 94720K, 0% used [0x00000000f3280000,0x00000000f3280000,0x00000000f8f00000)
 ParOldGen       total 297984K, used 94721K [0x00000000c0000000, 0x00000000d2300000, 0x00000000eab00000)
  object space 297984K, 31% used [0x00000000c0000000,0x00000000c5c806b0,0x00000000d2300000)
 Metaspace       used 79255K, capacity 84398K, committed 153600K, reserved 1167360K
  class space    used 11030K, capacity 12625K, committed 35328K, reserved 1048576K
}
Event: 6860.672 GC heap before
{Heap before GC invocations=217 (full 40):
 PSYoungGen      total 238592K, used 153652K [0x00000000eab00000, 0x00000000ff600000, 0x0000000100000000)
  eden space 138752K, 100% used [0x00000000eab00000,0x00000000f3280000,0x00000000f3280000)
  from space 99840K, 14% used [0x00000000f8f00000,0x00000000f9d8d348,0x00000000ff080000)
  to   space 94720K, 0% used [0x00000000f3280000,0x00000000f3280000,0x00000000f8f00000)
 ParOldGen       total 297984K, used 94721K [0x00000000c0000000, 0x00000000d2300000, 0x00000000eab00000)
  object space 297984K, 31% used [0x00000000c0000000,0x00000000c5c806b0,0x00000000d2300000)
 Metaspace       used 81911K, capacity 87288K, committed 153600K, reserved 1167360K
  class space    used 11474K, capacity 13192K, committed 35328K, reserved 1048576K
Event: 6860.711 GC heap after
Heap after GC invocations=217 (full 40):
 PSYoungGen      total 233472K, used 13891K [0x00000000eab00000, 0x00000000ff100000, 0x0000000100000000)
  eden space 138752K, 0% used [0x00000000eab00000,0x00000000eab00000,0x00000000f3280000)
  from space 94720K, 14% used [0x00000000f3280000,0x00000000f4010d28,0x00000000f8f00000)
  to   space 89600K, 0% used [0x00000000f9980000,0x00000000f9980000,0x00000000ff100000)
 ParOldGen       total 297984K, used 104891K [0x00000000c0000000, 0x00000000d2300000, 0x00000000eab00000)
  object space 297984K, 35% used [0x00000000c0000000,0x00000000c666ec28,0x00000000d2300000)
 Metaspace       used 81911K, capacity 87288K, committed 153600K, reserved 1167360K
  class space    used 11474K, capacity 13192K, committed 35328K, reserved 1048576K
}

