# JRE version: Java(TM) SE Runtime Environment (8.0_11-b12) (build 1.8.0_11-b12)
# Java VM: Java HotSpot(TM) 64-Bit Server VM (25.11-b03 mixed mode windows-amd64 compressed oops)
Heap:
 PSYoungGen      total 261632K, used 68888K [0x00000000eab00000, 0x00000000ff400000, 0x0000000100000000)
  eden space 186368K, 27% used [0x00000000eab00000,0x00000000edd653f8,0x00000000f6100000)
  from space 75264K, 22% used [0x00000000f6100000,0x00000000f71e0ec0,0x00000000faa80000)
  to   space 71680K, 0% used [0x00000000fae00000,0x00000000fae00000,0x00000000ff400000)
 ParOldGen       total 602112K, used 299473K [0x00000000c0000000, 0x00000000e4c00000, 0x00000000eab00000)
  object space 602112K, 49% used [0x00000000c0000000,0x00000000d2474698,0x00000000e4c00000)
 Metaspace       used 311341K, capacity 327912K, committed 331008K, reserved 1329152K
  class space    used 44348K, capacity 49916K, committed 50688K, reserved 1048576K
GC Heap History (10 events):
Event: 28703.651 GC heap before
{Heap before GC invocations=580 (full 92):
 PSYoungGen      total 264192K, used 192672K [0x00000000eab00000, 0x0000000100000000, 0x0000000100000000)
  eden space 179200K, 100% used [0x00000000eab00000,0x00000000f5a00000,0x00000000f5a00000)
  from space 84992K, 15% used [0x00000000f5a00000,0x00000000f6728000,0x00000000fad00000)
  to   space 82944K, 0% used [0x00000000faf00000,0x00000000faf00000,0x0000000100000000)
 ParOldGen       total 602112K, used 484746K [0x00000000c0000000, 0x00000000e4c00000, 0x00000000eab00000)
  object space 602112K, 80% used [0x00000000c0000000,0x00000000dd962a58,0x00000000e4c00000)
 Metaspace       used 301874K, capacity 317286K, committed 321536K, reserved 1320960K
  class space    used 42851K, capacity 47992K, committed 49152K, reserved 1048576K
Event: 28703.680 GC heap after
Heap after GC invocations=580 (full 92):
 PSYoungGen      total 259072K, used 5171K [0x00000000eab00000, 0x00000000ffb00000, 0x0000000100000000)
  eden space 181248K, 0% used [0x00000000eab00000,0x00000000eab00000,0x00000000f5c00000)
  from space 77824K, 6% used [0x00000000faf00000,0x00000000fb40cfc0,0x00000000ffb00000)
  to   space 81408K, 0% used [0x00000000f5c00000,0x00000000f5c00000,0x00000000fab80000)
 ParOldGen       total 602112K, used 493610K [0x00000000c0000000, 0x00000000e4c00000, 0x00000000eab00000)
  object space 602112K, 81% used [0x00000000c0000000,0x00000000de20aa58,0x00000000e4c00000)
 Metaspace       used 301874K, capacity 317286K, committed 321536K, reserved 1320960K
  class space    used 42851K, capacity 47992K, committed 49152K, reserved 1048576K
}
Event: 28763.930 GC heap before
{Heap before GC invocations=581 (full 92):
 PSYoungGen      total 259072K, used 74493K [0x00000000eab00000, 0x00000000ffb00000, 0x0000000100000000)
  eden space 181248K, 38% used [0x00000000eab00000,0x00000000eeeb26b8,0x00000000f5c00000)
  from space 77824K, 6% used [0x00000000faf00000,0x00000000fb40cfc0,0x00000000ffb00000)
  to   space 81408K, 0% used [0x00000000f5c00000,0x00000000f5c00000,0x00000000fab80000)
 ParOldGen       total 602112K, used 493610K [0x00000000c0000000, 0x00000000e4c00000, 0x00000000eab00000)
  object space 602112K, 81% used [0x00000000c0000000,0x00000000de20aa58,0x00000000e4c00000)
 Metaspace       used 303056K, capacity 318510K, committed 322688K, reserved 1323008K
  class space    used 43046K, capacity 48232K, committed 49280K, reserved 1048576K
Event: 28763.953 GC heap after
Heap after GC invocations=581 (full 92):
 PSYoungGen      total 185344K, used 3974K [0x00000000eab00000, 0x00000000ff900000, 0x0000000100000000)
  eden space 181248K, 0% used [0x00000000eab00000,0x00000000eab00000,0x00000000f5c00000)
  from space 4096K, 97% used [0x00000000f5c00000,0x00000000f5fe1888,0x00000000f6000000)
  to   space 80384K, 0% used [0x00000000faa80000,0x00000000faa80000,0x00000000ff900000)
 ParOldGen       total 602112K, used 498154K [0x00000000c0000000, 0x00000000e4c00000, 0x00000000eab00000)
  object space 602112K, 82% used [0x00000000c0000000,0x00000000de67aa58,0x00000000e4c00000)
 Metaspace       used 303056K, capacity 318510K, committed 322688K, reserved 1323008K
  class space    used 43046K, capacity 48232K, committed 49280K, reserved 1048576K
}
Event: 28763.953 GC heap before
{Heap before GC invocations=582 (full 93):
 PSYoungGen      total 185344K, used 3974K [0x00000000eab00000, 0x00000000ff900000, 0x0000000100000000)
  eden space 181248K, 0% used [0x00000000eab00000,0x00000000eab00000,0x00000000f5c00000)
  from space 4096K, 97% used [0x00000000f5c00000,0x00000000f5fe1888,0x00000000f6000000)
  to   space 80384K, 0% used [0x00000000faa80000,0x00000000faa80000,0x00000000ff900000)
 ParOldGen       total 602112K, used 498154K [0x00000000c0000000, 0x00000000e4c00000, 0x00000000eab00000)
  object space 602112K, 82% used [0x00000000c0000000,0x00000000de67aa58,0x00000000e4c00000)
 Metaspace       used 303056K, capacity 318510K, committed 322688K, reserved 1323008K
  class space    used 43046K, capacity 48232K, committed 49280K, reserved 1048576K
Event: 28765.112 GC heap after
Heap after GC invocations=582 (full 93):
 PSYoungGen      total 185344K, used 0K [0x00000000eab00000, 0x00000000ff900000, 0x0000000100000000)
  eden space 181248K, 0% used [0x00000000eab00000,0x00000000eab00000,0x00000000f5c00000)
  from space 4096K, 0% used [0x00000000f5c00000,0x00000000f5c00000,0x00000000f6000000)
  to   space 80384K, 0% used [0x00000000faa80000,0x00000000faa80000,0x00000000ff900000)
 ParOldGen       total 602112K, used 285203K [0x00000000c0000000, 0x00000000e4c00000, 0x00000000eab00000)
  object space 602112K, 47% used [0x00000000c0000000,0x00000000d1684f90,0x00000000e4c00000)
 Metaspace       used 302902K, capacity 318320K, committed 322688K, reserved 1323008K
  class space    used 43027K, capacity 48189K, committed 49280K, reserved 1048576K
}
Event: 28994.801 GC heap before
{Heap before GC invocations=583 (full 93):
 PSYoungGen      total 185344K, used 181248K [0x00000000eab00000, 0x00000000ff900000, 0x0000000100000000)
  eden space 181248K, 100% used [0x00000000eab00000,0x00000000f5c00000,0x00000000f5c00000)
  from space 4096K, 0% used [0x00000000f5c00000,0x00000000f5c00000,0x00000000f6000000)
  to   space 80384K, 0% used [0x00000000faa80000,0x00000000faa80000,0x00000000ff900000)
 ParOldGen       total 602112K, used 285203K [0x00000000c0000000, 0x00000000e4c00000, 0x00000000eab00000)
  object space 602112K, 47% used [0x00000000c0000000,0x00000000d1684f90,0x00000000e4c00000)
 Metaspace       used 308045K, capacity 324040K, committed 327936K, reserved 1327104K
  class space    used 43778K, capacity 49162K, committed 50176K, reserved 1048576K
Event: 28994.816 GC heap after
Heap after GC invocations=583 (full 93):
 PSYoungGen      total 266752K, used 19932K [0x00000000eab00000, 0x0000000100000000, 0x0000000100000000)
  eden space 186368K, 0% used [0x00000000eab00000,0x00000000eab00000,0x00000000f6100000)
  from space 80384K, 24% used [0x00000000faa80000,0x00000000fbdf7378,0x00000000ff900000)
  to   space 75264K, 0% used [0x00000000f6100000,0x00000000f6100000,0x00000000faa80000)
 ParOldGen       total 602112K, used 285211K [0x00000000c0000000, 0x00000000e4c00000, 0x00000000eab00000)
  object space 602112K, 47% used [0x00000000c0000000,0x00000000d1686f90,0x00000000e4c00000)
 Metaspace       used 308045K, capacity 324040K, committed 327936K, reserved 1327104K
  class space    used 43778K, capacity 49162K, committed 50176K, reserved 1048576K
}
Event: 28995.785 GC heap before
{Heap before GC invocations=584 (full 93):
 PSYoungGen      total 266752K, used 206300K [0x00000000eab00000, 0x0000000100000000, 0x0000000100000000)
  eden space 186368K, 100% used [0x00000000eab00000,0x00000000f6100000,0x00000000f6100000)
  from space 80384K, 24% used [0x00000000faa80000,0x00000000fbdf7378,0x00000000ff900000)
  to   space 75264K, 0% used [0x00000000f6100000,0x00000000f6100000,0x00000000faa80000)
 ParOldGen       total 602112K, used 285211K [0x00000000c0000000, 0x00000000e4c00000, 0x00000000eab00000)
  object space 602112K, 47% used [0x00000000c0000000,0x00000000d1686f90,0x00000000e4c00000)
 Metaspace       used 310984K, capacity 327308K, committed 330752K, reserved 1329152K
  class space    used 44254K, capacity 49775K, committed 50688K, reserved 1048576K
Event: 28995.811 GC heap after
Heap after GC invocations=584 (full 93):
 PSYoungGen      total 261632K, used 17283K [0x00000000eab00000, 0x00000000ff400000, 0x0000000100000000)
  eden space 186368K, 0% used [0x00000000eab00000,0x00000000eab00000,0x00000000f6100000)
  from space 75264K, 22% used [0x00000000f6100000,0x00000000f71e0ec0,0x00000000faa80000)
  to   space 71680K, 0% used [0x00000000fae00000,0x00000000fae00000,0x00000000ff400000)
 ParOldGen       total 602112K, used 299473K [0x00000000c0000000, 0x00000000e4c00000, 0x00000000eab00000)
  object space 602112K, 49% used [0x00000000c0000000,0x00000000d2474698,0x00000000e4c00000)
 Metaspace       used 310984K, capacity 327308K, committed 330752K, reserved 1329152K
  class space    used 44254K, capacity 49775K, committed 50688K, reserved 1048576K
}

