# JRE version: Java(TM) SE Runtime Environment (8.0_11-b12) (build 1.8.0_11-b12)
# Java VM: Java HotSpot(TM) 64-Bit Server VM (25.11-b03 mixed mode windows-amd64 compressed oops)
Heap:
 PSYoungGen      total 232960K, used 96163K [0x00000000eab00000, 0x0000000100000000, 0x0000000100000000)
  eden space 116736K, 62% used [0x00000000eab00000,0x00000000ef2c34a0,0x00000000f1d00000)
  from space 116224K, 19% used [0x00000000f8e80000,0x00000000fa4a5a40,0x0000000100000000)
  to   space 116224K, 0% used [0x00000000f1d00000,0x00000000f1d00000,0x00000000f8e80000)
 ParOldGen       total 495616K, used 286330K [0x00000000c0000000, 0x00000000de400000, 0x00000000eab00000)
  object space 495616K, 57% used [0x00000000c0000000,0x00000000d179eba8,0x00000000de400000)
 Metaspace       used 330868K, capacity 348918K, committed 355456K, reserved 1349632K
  class space    used 46252K, capacity 52611K, committed 54912K, reserved 1048576K
GC Heap History (10 events):
Event: 22344.631 GC heap before
{Heap before GC invocations=477 (full 82):
 PSYoungGen      total 232960K, used 81509K [0x00000000eab00000, 0x0000000100000000, 0x0000000100000000)
  eden space 116736K, 63% used [0x00000000eab00000,0x00000000ef332750,0x00000000f1d00000)
  from space 116224K, 6% used [0x00000000f8e80000,0x00000000f95e6d08,0x0000000100000000)
  to   space 116224K, 0% used [0x00000000f1d00000,0x00000000f1d00000,0x00000000f8e80000)
 ParOldGen       total 495616K, used 374144K [0x00000000c0000000, 0x00000000de400000, 0x00000000eab00000)
  object space 495616K, 75% used [0x00000000c0000000,0x00000000d6d60230,0x00000000de400000)
 Metaspace       used 322540K, capacity 339768K, committed 348032K, reserved 1343488K
  class space    used 44987K, capacity 50958K, committed 54400K, reserved 1048576K
Event: 22344.661 GC heap after
Heap after GC invocations=477 (full 82):
 PSYoungGen      total 232960K, used 11264K [0x00000000eab00000, 0x0000000100000000, 0x0000000100000000)
  eden space 116736K, 0% used [0x00000000eab00000,0x00000000eab00000,0x00000000f1d00000)
  from space 116224K, 9% used [0x00000000f1d00000,0x00000000f28000e0,0x00000000f8e80000)
  to   space 116224K, 0% used [0x00000000f8e80000,0x00000000f8e80000,0x0000000100000000)
 ParOldGen       total 495616K, used 374144K [0x00000000c0000000, 0x00000000de400000, 0x00000000eab00000)
  object space 495616K, 75% used [0x00000000c0000000,0x00000000d6d60230,0x00000000de400000)
 Metaspace       used 322540K, capacity 339768K, committed 348032K, reserved 1343488K
  class space    used 44987K, capacity 50958K, committed 54400K, reserved 1048576K
}
Event: 22344.661 GC heap before
{Heap before GC invocations=478 (full 83):
 PSYoungGen      total 232960K, used 11264K [0x00000000eab00000, 0x0000000100000000, 0x0000000100000000)
  eden space 116736K, 0% used [0x00000000eab00000,0x00000000eab00000,0x00000000f1d00000)
  from space 116224K, 9% used [0x00000000f1d00000,0x00000000f28000e0,0x00000000f8e80000)
  to   space 116224K, 0% used [0x00000000f8e80000,0x00000000f8e80000,0x0000000100000000)
 ParOldGen       total 495616K, used 374144K [0x00000000c0000000, 0x00000000de400000, 0x00000000eab00000)
  object space 495616K, 75% used [0x00000000c0000000,0x00000000d6d60230,0x00000000de400000)
 Metaspace       used 322540K, capacity 339768K, committed 348032K, reserved 1343488K
  class space    used 44987K, capacity 50958K, committed 54400K, reserved 1048576K
Event: 22345.693 GC heap after
Heap after GC invocations=478 (full 83):
 PSYoungGen      total 232960K, used 0K [0x00000000eab00000, 0x0000000100000000, 0x0000000100000000)
  eden space 116736K, 0% used [0x00000000eab00000,0x00000000eab00000,0x00000000f1d00000)
  from space 116224K, 0% used [0x00000000f1d00000,0x00000000f1d00000,0x00000000f8e80000)
  to   space 116224K, 0% used [0x00000000f8e80000,0x00000000f8e80000,0x0000000100000000)
 ParOldGen       total 495616K, used 281892K [0x00000000c0000000, 0x00000000de400000, 0x00000000eab00000)
  object space 495616K, 56% used [0x00000000c0000000,0x00000000d13491b0,0x00000000de400000)
 Metaspace       used 322369K, capacity 339210K, committed 348032K, reserved 1343488K
  class space    used 44938K, capacity 50850K, committed 54400K, reserved 1048576K
}
Event: 24931.494 GC heap before
{Heap before GC invocations=479 (full 83):
 PSYoungGen      total 232960K, used 116736K [0x00000000eab00000, 0x0000000100000000, 0x0000000100000000)
  eden space 116736K, 100% used [0x00000000eab00000,0x00000000f1d00000,0x00000000f1d00000)
  from space 116224K, 0% used [0x00000000f1d00000,0x00000000f1d00000,0x00000000f8e80000)
  to   space 116224K, 0% used [0x00000000f8e80000,0x00000000f8e80000,0x0000000100000000)
 ParOldGen       total 495616K, used 281892K [0x00000000c0000000, 0x00000000de400000, 0x00000000eab00000)
  object space 495616K, 56% used [0x00000000c0000000,0x00000000d13491b0,0x00000000de400000)
 Metaspace       used 325851K, capacity 343270K, committed 350848K, reserved 1345536K
  class space    used 45436K, capacity 51564K, committed 54400K, reserved 1048576K
Event: 24931.506 GC heap after
Heap after GC invocations=479 (full 83):
 PSYoungGen      total 232960K, used 9598K [0x00000000eab00000, 0x0000000100000000, 0x0000000100000000)
  eden space 116736K, 0% used [0x00000000eab00000,0x00000000eab00000,0x00000000f1d00000)
  from space 116224K, 8% used [0x00000000f8e80000,0x00000000f97df960,0x0000000100000000)
  to   space 116224K, 0% used [0x00000000f1d00000,0x00000000f1d00000,0x00000000f8e80000)
 ParOldGen       total 495616K, used 281892K [0x00000000c0000000, 0x00000000de400000, 0x00000000eab00000)
  object space 495616K, 56% used [0x00000000c0000000,0x00000000d13491b0,0x00000000de400000)
 Metaspace       used 325851K, capacity 343270K, committed 350848K, reserved 1345536K
  class space    used 45436K, capacity 51564K, committed 54400K, reserved 1048576K
}
Event: 24932.212 GC heap before
{Heap before GC invocations=480 (full 83):
 PSYoungGen      total 232960K, used 126334K [0x00000000eab00000, 0x0000000100000000, 0x0000000100000000)
  eden space 116736K, 100% used [0x00000000eab00000,0x00000000f1d00000,0x00000000f1d00000)
  from space 116224K, 8% used [0x00000000f8e80000,0x00000000f97df960,0x0000000100000000)
  to   space 116224K, 0% used [0x00000000f1d00000,0x00000000f1d00000,0x00000000f8e80000)
 ParOldGen       total 495616K, used 281892K [0x00000000c0000000, 0x00000000de400000, 0x00000000eab00000)
  object space 495616K, 56% used [0x00000000c0000000,0x00000000d13491b0,0x00000000de400000)
 Metaspace       used 328176K, capacity 345754K, committed 352896K, reserved 1347584K
  class space    used 45782K, capacity 51956K, committed 54400K, reserved 1048576K
Event: 24932.230 GC heap after
Heap after GC invocations=480 (full 83):
 PSYoungGen      total 232960K, used 18919K [0x00000000eab00000, 0x0000000100000000, 0x0000000100000000)
  eden space 116736K, 0% used [0x00000000eab00000,0x00000000eab00000,0x00000000f1d00000)
  from space 116224K, 16% used [0x00000000f1d00000,0x00000000f2f79da8,0x00000000f8e80000)
  to   space 116224K, 0% used [0x00000000f8e80000,0x00000000f8e80000,0x0000000100000000)
 ParOldGen       total 495616K, used 281892K [0x00000000c0000000, 0x00000000de400000, 0x00000000eab00000)
  object space 495616K, 56% used [0x00000000c0000000,0x00000000d13491b0,0x00000000de400000)
 Metaspace       used 328176K, capacity 345754K, committed 352896K, reserved 1347584K
  class space    used 45782K, capacity 51956K, committed 54400K, reserved 1048576K
}
Event: 24932.878 GC heap before
{Heap before GC invocations=481 (full 83):
 PSYoungGen      total 232960K, used 135655K [0x00000000eab00000, 0x0000000100000000, 0x0000000100000000)
  eden space 116736K, 100% used [0x00000000eab00000,0x00000000f1d00000,0x00000000f1d00000)
  from space 116224K, 16% used [0x00000000f1d00000,0x00000000f2f79da8,0x00000000f8e80000)
  to   space 116224K, 0% used [0x00000000f8e80000,0x00000000f8e80000,0x0000000100000000)
 ParOldGen       total 495616K, used 281892K [0x00000000c0000000, 0x00000000de400000, 0x00000000eab00000)
  object space 495616K, 56% used [0x00000000c0000000,0x00000000d13491b0,0x00000000de400000)
 Metaspace       used 329849K, capacity 347682K, committed 354432K, reserved 1349632K
  class space    used 46080K, capacity 52388K, committed 54656K, reserved 1048576K
Event: 24932.908 GC heap after
Heap after GC invocations=481 (full 83):
 PSYoungGen      total 232960K, used 22678K [0x00000000eab00000, 0x0000000100000000, 0x0000000100000000)
  eden space 116736K, 0% used [0x00000000eab00000,0x00000000eab00000,0x00000000f1d00000)
  from space 116224K, 19% used [0x00000000f8e80000,0x00000000fa4a5a40,0x0000000100000000)
  to   space 116224K, 0% used [0x00000000f1d00000,0x00000000f1d00000,0x00000000f8e80000)
 ParOldGen       total 495616K, used 286330K [0x00000000c0000000, 0x00000000de400000, 0x00000000eab00000)
  object space 495616K, 57% used [0x00000000c0000000,0x00000000d179eba8,0x00000000de400000)
 Metaspace       used 329849K, capacity 347682K, committed 354432K, reserved 1349632K
  class space    used 46080K, capacity 52388K, committed 54656K, reserved 1048576K
}

