# JRE version: Java(TM) SE Runtime Environment (8.0_11-b12) (build 1.8.0_11-b12)
# Java VM: Java HotSpot(TM) 64-Bit Server VM (25.11-b03 mixed mode windows-amd64 compressed oops)
Heap:
 PSYoungGen      total 225792K, used 65326K [0x00000000eab00000, 0x00000000fe680000, 0x0000000100000000)
  eden space 125952K, 27% used [0x00000000eab00000,0x00000000eccdff68,0x00000000f2600000)
  from space 99840K, 30% used [0x00000000f2600000,0x00000000f43eb9c0,0x00000000f8780000)
  to   space 93696K, 0% used [0x00000000f8b00000,0x00000000f8b00000,0x00000000fe680000)
 ParOldGen       total 310272K, used 114978K [0x00000000c0000000, 0x00000000d2f00000, 0x00000000eab00000)
  object space 310272K, 37% used [0x00000000c0000000,0x00000000c7048bd8,0x00000000d2f00000)
 Metaspace       used 98598K, capacity 104468K, committed 137856K, reserved 1165312K
  class space    used 13750K, capacity 15624K, committed 21632K, reserved 1048576K
GC Heap History (10 events):
Event: 2661.587 GC heap before
{Heap before GC invocations=140 (full 26):
 PSYoungGen      total 118784K, used 60134K [0x00000000eab00000, 0x00000000ffe00000, 0x0000000100000000)
  eden space 116736K, 49% used [0x00000000eab00000,0x00000000ee3bd598,0x00000000f1d00000)
  from space 2048K, 99% used [0x00000000f1d00000,0x00000000f1efc428,0x00000000f1f00000)
  to   space 115200K, 0% used [0x00000000f8d80000,0x00000000f8d80000,0x00000000ffe00000)
 ParOldGen       total 310272K, used 216067K [0x00000000c0000000, 0x00000000d2f00000, 0x00000000eab00000)
  object space 310272K, 69% used [0x00000000c0000000,0x00000000cd300cd0,0x00000000d2f00000)
 Metaspace       used 90219K, capacity 95002K, committed 137856K, reserved 1165312K
  class space    used 12453K, capacity 13924K, committed 21632K, reserved 1048576K
Event: 2661.595 GC heap after
Heap after GC invocations=140 (full 26):
 PSYoungGen      total 225792K, used 3182K [0x00000000eab00000, 0x00000000ff800000, 0x0000000100000000)
  eden space 116736K, 0% used [0x00000000eab00000,0x00000000eab00000,0x00000000f1d00000)
  from space 109056K, 2% used [0x00000000f8d80000,0x00000000f909b8b8,0x00000000ff800000)
  to   space 112128K, 0% used [0x00000000f1d00000,0x00000000f1d00000,0x00000000f8a80000)
 ParOldGen       total 310272K, used 217523K [0x00000000c0000000, 0x00000000d2f00000, 0x00000000eab00000)
  object space 310272K, 70% used [0x00000000c0000000,0x00000000cd46cce0,0x00000000d2f00000)
 Metaspace       used 90219K, capacity 95002K, committed 137856K, reserved 1165312K
  class space    used 12453K, capacity 13924K, committed 21632K, reserved 1048576K
}
Event: 2661.595 GC heap before
{Heap before GC invocations=141 (full 27):
 PSYoungGen      total 225792K, used 3182K [0x00000000eab00000, 0x00000000ff800000, 0x0000000100000000)
  eden space 116736K, 0% used [0x00000000eab00000,0x00000000eab00000,0x00000000f1d00000)
  from space 109056K, 2% used [0x00000000f8d80000,0x00000000f909b8b8,0x00000000ff800000)
  to   space 112128K, 0% used [0x00000000f1d00000,0x00000000f1d00000,0x00000000f8a80000)
 ParOldGen       total 310272K, used 217523K [0x00000000c0000000, 0x00000000d2f00000, 0x00000000eab00000)
  object space 310272K, 70% used [0x00000000c0000000,0x00000000cd46cce0,0x00000000d2f00000)
 Metaspace       used 90219K, capacity 95002K, committed 137856K, reserved 1165312K
  class space    used 12453K, capacity 13924K, committed 21632K, reserved 1048576K
Event: 2662.114 GC heap after
Heap after GC invocations=141 (full 27):
 PSYoungGen      total 225792K, used 0K [0x00000000eab00000, 0x00000000ff800000, 0x0000000100000000)
  eden space 116736K, 0% used [0x00000000eab00000,0x00000000eab00000,0x00000000f1d00000)
  from space 109056K, 0% used [0x00000000f8d80000,0x00000000f8d80000,0x00000000ff800000)
  to   space 112128K, 0% used [0x00000000f1d00000,0x00000000f1d00000,0x00000000f8a80000)
 ParOldGen       total 310272K, used 114970K [0x00000000c0000000, 0x00000000d2f00000, 0x00000000eab00000)
  object space 310272K, 37% used [0x00000000c0000000,0x00000000c7046bd8,0x00000000d2f00000)
 Metaspace       used 90219K, capacity 95002K, committed 137856K, reserved 1165312K
  class space    used 12453K, capacity 13924K, committed 21632K, reserved 1048576K
}
Event: 3321.707 GC heap before
{Heap before GC invocations=142 (full 27):
 PSYoungGen      total 225792K, used 116736K [0x00000000eab00000, 0x00000000ff800000, 0x0000000100000000)
  eden space 116736K, 100% used [0x00000000eab00000,0x00000000f1d00000,0x00000000f1d00000)
  from space 109056K, 0% used [0x00000000f8d80000,0x00000000f8d80000,0x00000000ff800000)
  to   space 112128K, 0% used [0x00000000f1d00000,0x00000000f1d00000,0x00000000f8a80000)
 ParOldGen       total 310272K, used 114970K [0x00000000c0000000, 0x00000000d2f00000, 0x00000000eab00000)
  object space 310272K, 37% used [0x00000000c0000000,0x00000000c7046bd8,0x00000000d2f00000)
 Metaspace       used 94390K, capacity 99636K, committed 137856K, reserved 1165312K
  class space    used 13049K, capacity 14681K, committed 21632K, reserved 1048576K
Event: 3321.717 GC heap after
Heap after GC invocations=142 (full 27):
 PSYoungGen      total 228864K, used 13371K [0x00000000eab00000, 0x00000000ff700000, 0x0000000100000000)
  eden space 116736K, 0% used [0x00000000eab00000,0x00000000eab00000,0x00000000f1d00000)
  from space 112128K, 11% used [0x00000000f1d00000,0x00000000f2a0ecb8,0x00000000f8a80000)
  to   space 106496K, 0% used [0x00000000f8f00000,0x00000000f8f00000,0x00000000ff700000)
 ParOldGen       total 310272K, used 114970K [0x00000000c0000000, 0x00000000d2f00000, 0x00000000eab00000)
  object space 310272K, 37% used [0x00000000c0000000,0x00000000c7046bd8,0x00000000d2f00000)
 Metaspace       used 94390K, capacity 99636K, committed 137856K, reserved 1165312K
  class space    used 13049K, capacity 14681K, committed 21632K, reserved 1048576K
}
Event: 3322.411 GC heap before
{Heap before GC invocations=143 (full 27):
 PSYoungGen      total 228864K, used 130107K [0x00000000eab00000, 0x00000000ff700000, 0x0000000100000000)
  eden space 116736K, 100% used [0x00000000eab00000,0x00000000f1d00000,0x00000000f1d00000)
  from space 112128K, 11% used [0x00000000f1d00000,0x00000000f2a0ecb8,0x00000000f8a80000)
  to   space 106496K, 0% used [0x00000000f8f00000,0x00000000f8f00000,0x00000000ff700000)
 ParOldGen       total 310272K, used 114970K [0x00000000c0000000, 0x00000000d2f00000, 0x00000000eab00000)
  object space 310272K, 37% used [0x00000000c0000000,0x00000000c7046bd8,0x00000000d2f00000)
 Metaspace       used 96452K, capacity 101862K, committed 137856K, reserved 1165312K
  class space    used 13371K, capacity 15057K, committed 21632K, reserved 1048576K
Event: 3322.435 GC heap after
Heap after GC invocations=143 (full 27):
 PSYoungGen      total 218112K, used 20680K [0x00000000eab00000, 0x00000000fe900000, 0x0000000100000000)
  eden space 125952K, 0% used [0x00000000eab00000,0x00000000eab00000,0x00000000f2600000)
  from space 92160K, 22% used [0x00000000f8f00000,0x00000000fa3321d0,0x00000000fe900000)
  to   space 99840K, 0% used [0x00000000f2600000,0x00000000f2600000,0x00000000f8780000)
 ParOldGen       total 310272K, used 114970K [0x00000000c0000000, 0x00000000d2f00000, 0x00000000eab00000)
  object space 310272K, 37% used [0x00000000c0000000,0x00000000c7046bd8,0x00000000d2f00000)
 Metaspace       used 96452K, capacity 101862K, committed 137856K, reserved 1165312K
  class space    used 13371K, capacity 15057K, committed 21632K, reserved 1048576K
}
Event: 3323.242 GC heap before
{Heap before GC invocations=144 (full 27):
 PSYoungGen      total 218112K, used 146632K [0x00000000eab00000, 0x00000000fe900000, 0x0000000100000000)
  eden space 125952K, 100% used [0x00000000eab00000,0x00000000f2600000,0x00000000f2600000)
  from space 92160K, 22% used [0x00000000f8f00000,0x00000000fa3321d0,0x00000000fe900000)
  to   space 99840K, 0% used [0x00000000f2600000,0x00000000f2600000,0x00000000f8780000)
 ParOldGen       total 310272K, used 114970K [0x00000000c0000000, 0x00000000d2f00000, 0x00000000eab00000)
  object space 310272K, 37% used [0x00000000c0000000,0x00000000c7046bd8,0x00000000d2f00000)
 Metaspace       used 98315K, capacity 104012K, committed 137856K, reserved 1165312K
  class space    used 13677K, capacity 15503K, committed 21632K, reserved 1048576K
Event: 3323.274 GC heap after
Heap after GC invocations=144 (full 27):
 PSYoungGen      total 225792K, used 30638K [0x00000000eab00000, 0x00000000fe680000, 0x0000000100000000)
  eden space 125952K, 0% used [0x00000000eab00000,0x00000000eab00000,0x00000000f2600000)
  from space 99840K, 30% used [0x00000000f2600000,0x00000000f43eb9c0,0x00000000f8780000)
  to   space 93696K, 0% used [0x00000000f8b00000,0x00000000f8b00000,0x00000000fe680000)
 ParOldGen       total 310272K, used 114978K [0x00000000c0000000, 0x00000000d2f00000, 0x00000000eab00000)
  object space 310272K, 37% used [0x00000000c0000000,0x00000000c7048bd8,0x00000000d2f00000)
 Metaspace       used 98315K, capacity 104012K, committed 137856K, reserved 1165312K
  class space    used 13677K, capacity 15503K, committed 21632K, reserved 1048576K
}

