# JRE version: Java(TM) SE Runtime Environment (8.0_11-b12) (build 1.8.0_11-b12)
# Java VM: Java HotSpot(TM) 64-Bit Server VM (25.11-b03 mixed mode windows-amd64 compressed oops)
Heap:
 PSYoungGen      total 289792K, used 258919K [0x00000000eab00000, 0x00000000ffe80000, 0x0000000100000000)
  eden space 235008K, 91% used [0x00000000eab00000,0x00000000f7de1e40,0x00000000f9080000)
  from space 54784K, 78% used [0x00000000fc780000,0x00000000ff178040,0x00000000ffd00000)
  to   space 56320K, 0% used [0x00000000f9080000,0x00000000f9080000,0x00000000fc780000)
 ParOldGen       total 335360K, used 294185K [0x00000000c0000000, 0x00000000d4780000, 0x00000000eab00000)
  object space 335360K, 87% used [0x00000000c0000000,0x00000000d1f4a678,0x00000000d4780000)
 Metaspace       used 323682K, capacity 344286K, committed 346752K, reserved 1343488K
  class space    used 45773K, capacity 52699K, committed 53376K, reserved 1048576K
GC Heap History (10 events):
Event: 9459.410 GC heap before
{Heap before GC invocations=248 (full 43):
 PSYoungGen      total 284672K, used 109208K [0x00000000eab00000, 0x00000000ffa80000, 0x0000000100000000)
  eden space 229888K, 32% used [0x00000000eab00000,0x00000000ef385600,0x00000000f8b80000)
  from space 54784K, 63% used [0x00000000fc500000,0x00000000fe720c20,0x00000000ffa80000)
  to   space 56832K, 0% used [0x00000000f8b80000,0x00000000f8b80000,0x00000000fc300000)
 ParOldGen       total 335360K, used 287233K [0x00000000c0000000, 0x00000000d4780000, 0x00000000eab00000)
  object space 335360K, 85% used [0x00000000c0000000,0x00000000d18807b8,0x00000000d4780000)
 Metaspace       used 306256K, capacity 325636K, committed 329088K, reserved 1327104K
  class space    used 43221K, capacity 49882K, committed 50816K, reserved 1048576K
Event: 9459.433 GC heap after
Heap after GC invocations=248 (full 43):
 PSYoungGen      total 253952K, used 23930K [0x00000000eab00000, 0x00000000ff980000, 0x0000000100000000)
  eden space 229888K, 0% used [0x00000000eab00000,0x00000000eab00000,0x00000000f8b80000)
  from space 24064K, 99% used [0x00000000f8b80000,0x00000000fa2de998,0x00000000fa300000)
  to   space 56320K, 0% used [0x00000000fc280000,0x00000000fc280000,0x00000000ff980000)
 ParOldGen       total 335360K, used 287241K [0x00000000c0000000, 0x00000000d4780000, 0x00000000eab00000)
  object space 335360K, 85% used [0x00000000c0000000,0x00000000d18827b8,0x00000000d4780000)
 Metaspace       used 306256K, capacity 325636K, committed 329088K, reserved 1327104K
  class space    used 43221K, capacity 49882K, committed 50816K, reserved 1048576K
}
Event: 9459.433 GC heap before
{Heap before GC invocations=249 (full 44):
 PSYoungGen      total 253952K, used 23930K [0x00000000eab00000, 0x00000000ff980000, 0x0000000100000000)
  eden space 229888K, 0% used [0x00000000eab00000,0x00000000eab00000,0x00000000f8b80000)
  from space 24064K, 99% used [0x00000000f8b80000,0x00000000fa2de998,0x00000000fa300000)
  to   space 56320K, 0% used [0x00000000fc280000,0x00000000fc280000,0x00000000ff980000)
 ParOldGen       total 335360K, used 287241K [0x00000000c0000000, 0x00000000d4780000, 0x00000000eab00000)
  object space 335360K, 85% used [0x00000000c0000000,0x00000000d18827b8,0x00000000d4780000)
 Metaspace       used 306256K, capacity 325636K, committed 329088K, reserved 1327104K
  class space    used 43221K, capacity 49882K, committed 50816K, reserved 1048576K
Event: 9460.420 GC heap after
Heap after GC invocations=249 (full 44):
 PSYoungGen      total 253952K, used 0K [0x00000000eab00000, 0x00000000ff980000, 0x0000000100000000)
  eden space 229888K, 0% used [0x00000000eab00000,0x00000000eab00000,0x00000000f8b80000)
  from space 24064K, 0% used [0x00000000f8b80000,0x00000000f8b80000,0x00000000fa300000)
  to   space 56320K, 0% used [0x00000000fc280000,0x00000000fc280000,0x00000000ff980000)
 ParOldGen       total 335360K, used 294185K [0x00000000c0000000, 0x00000000d4780000, 0x00000000eab00000)
  object space 335360K, 87% used [0x00000000c0000000,0x00000000d1f4a678,0x00000000d4780000)
 Metaspace       used 305338K, capacity 323348K, committed 329088K, reserved 1327104K
  class space    used 42897K, capacity 48933K, committed 50816K, reserved 1048576K
}
Event: 9524.847 GC heap before
{Heap before GC invocations=250 (full 44):
 PSYoungGen      total 253952K, used 229888K [0x00000000eab00000, 0x00000000ff980000, 0x0000000100000000)
  eden space 229888K, 100% used [0x00000000eab00000,0x00000000f8b80000,0x00000000f8b80000)
  from space 24064K, 0% used [0x00000000f8b80000,0x00000000f8b80000,0x00000000fa300000)
  to   space 56320K, 0% used [0x00000000fc280000,0x00000000fc280000,0x00000000ff980000)
 ParOldGen       total 335360K, used 294185K [0x00000000c0000000, 0x00000000d4780000, 0x00000000eab00000)
  object space 335360K, 87% used [0x00000000c0000000,0x00000000d1f4a678,0x00000000d4780000)
 Metaspace       used 311569K, capacity 330208K, committed 334720K, reserved 1333248K
  class space    used 43814K, capacity 50067K, committed 51328K, reserved 1048576K
Event: 9524.875 GC heap after
Heap after GC invocations=250 (full 44):
 PSYoungGen      total 286720K, used 25414K [0x00000000eab00000, 0x00000000ffd80000, 0x0000000100000000)
  eden space 230400K, 0% used [0x00000000eab00000,0x00000000eab00000,0x00000000f8c00000)
  from space 56320K, 45% used [0x00000000fc280000,0x00000000fdb519d8,0x00000000ff980000)
  to   space 55808K, 0% used [0x00000000f8c00000,0x00000000f8c00000,0x00000000fc280000)
 ParOldGen       total 335360K, used 294185K [0x00000000c0000000, 0x00000000d4780000, 0x00000000eab00000)
  object space 335360K, 87% used [0x00000000c0000000,0x00000000d1f4a678,0x00000000d4780000)
 Metaspace       used 311569K, capacity 330208K, committed 334720K, reserved 1333248K
  class space    used 43814K, capacity 50067K, committed 51328K, reserved 1048576K
}
Event: 9527.645 GC heap before
{Heap before GC invocations=251 (full 44):
 PSYoungGen      total 286720K, used 255814K [0x00000000eab00000, 0x00000000ffd80000, 0x0000000100000000)
  eden space 230400K, 100% used [0x00000000eab00000,0x00000000f8c00000,0x00000000f8c00000)
  from space 56320K, 45% used [0x00000000fc280000,0x00000000fdb519d8,0x00000000ff980000)
  to   space 55808K, 0% used [0x00000000f8c00000,0x00000000f8c00000,0x00000000fc280000)
 ParOldGen       total 335360K, used 294185K [0x00000000c0000000, 0x00000000d4780000, 0x00000000eab00000)
  object space 335360K, 87% used [0x00000000c0000000,0x00000000d1f4a678,0x00000000d4780000)
 Metaspace       used 314318K, capacity 333668K, committed 337536K, reserved 1335296K
  class space    used 44298K, capacity 50774K, committed 51840K, reserved 1048576K
Event: 9527.691 GC heap after
Heap after GC invocations=251 (full 44):
 PSYoungGen      total 286208K, used 36945K [0x00000000eab00000, 0x00000000ffd00000, 0x0000000100000000)
  eden space 230400K, 0% used [0x00000000eab00000,0x00000000eab00000,0x00000000f8c00000)
  from space 55808K, 66% used [0x00000000f8c00000,0x00000000fb0146a0,0x00000000fc280000)
  to   space 54784K, 0% used [0x00000000fc780000,0x00000000fc780000,0x00000000ffd00000)
 ParOldGen       total 335360K, used 294185K [0x00000000c0000000, 0x00000000d4780000, 0x00000000eab00000)
  object space 335360K, 87% used [0x00000000c0000000,0x00000000d1f4a678,0x00000000d4780000)
 Metaspace       used 314318K, capacity 333668K, committed 337536K, reserved 1335296K
  class space    used 44298K, capacity 50774K, committed 51840K, reserved 1048576K
}
Event: 9597.371 GC heap before
{Heap before GC invocations=252 (full 44):
 PSYoungGen      total 286208K, used 267345K [0x00000000eab00000, 0x00000000ffd00000, 0x0000000100000000)
  eden space 230400K, 100% used [0x00000000eab00000,0x00000000f8c00000,0x00000000f8c00000)
  from space 55808K, 66% used [0x00000000f8c00000,0x00000000fb0146a0,0x00000000fc280000)
  to   space 54784K, 0% used [0x00000000fc780000,0x00000000fc780000,0x00000000ffd00000)
 ParOldGen       total 335360K, used 294185K [0x00000000c0000000, 0x00000000d4780000, 0x00000000eab00000)
  object space 335360K, 87% used [0x00000000c0000000,0x00000000d1f4a678,0x00000000d4780000)
 Metaspace       used 320352K, capacity 340454K, committed 343680K, reserved 1339392K
  class space    used 45210K, capacity 51931K, committed 52864K, reserved 1048576K
Event: 9597.409 GC heap after
Heap after GC invocations=252 (full 44):
 PSYoungGen      total 289792K, used 42976K [0x00000000eab00000, 0x00000000ffe80000, 0x0000000100000000)
  eden space 235008K, 0% used [0x00000000eab00000,0x00000000eab00000,0x00000000f9080000)
  from space 54784K, 78% used [0x00000000fc780000,0x00000000ff178040,0x00000000ffd00000)
  to   space 56320K, 0% used [0x00000000f9080000,0x00000000f9080000,0x00000000fc780000)
 ParOldGen       total 335360K, used 294185K [0x00000000c0000000, 0x00000000d4780000, 0x00000000eab00000)
  object space 335360K, 87% used [0x00000000c0000000,0x00000000d1f4a678,0x00000000d4780000)
 Metaspace       used 320352K, capacity 340454K, committed 343680K, reserved 1339392K
  class space    used 45210K, capacity 51931K, committed 52864K, reserved 1048576K
}

