# JRE version: Java(TM) SE Runtime Environment (8.0_11-b12) (build 1.8.0_11-b12)
# Java VM: Java HotSpot(TM) 64-Bit Server VM (25.11-b03 mixed mode windows-amd64 compressed oops)
Heap:
 PSYoungGen      total 253440K, used 83240K [0x00000000eab00000, 0x00000000ff200000, 0x0000000100000000)
  eden space 180736K, 41% used [0x00000000eab00000,0x00000000ef367e30,0x00000000f5b80000)
  from space 72704K, 12% used [0x00000000f5b80000,0x00000000f64624b0,0x00000000fa280000)
  to   space 69120K, 0% used [0x00000000fae80000,0x00000000fae80000,0x00000000ff200000)
 ParOldGen       total 475648K, used 211874K [0x00000000c0000000, 0x00000000dd080000, 0x00000000eab00000)
  object space 475648K, 44% used [0x00000000c0000000,0x00000000ccee8b00,0x00000000dd080000)
 Metaspace       used 164451K, capacity 175706K, committed 212352K, reserved 1208320K
  class space    used 23044K, capacity 26638K, committed 53632K, reserved 1048576K
GC Heap History (10 events):
Event: 18700.632 GC heap before
{Heap before GC invocations=491 (full 59):
 PSYoungGen      total 240640K, used 154698K [0x00000000eab00000, 0x00000000ff580000, 0x0000000100000000)
  eden space 147968K, 94% used [0x00000000eab00000,0x00000000f3386f40,0x00000000f3b80000)
  from space 92672K, 16% used [0x00000000f3b80000,0x00000000f4a0ba38,0x00000000f9600000)
  to   space 87040K, 0% used [0x00000000fa080000,0x00000000fa080000,0x00000000ff580000)
 ParOldGen       total 475648K, used 182247K [0x00000000c0000000, 0x00000000dd080000, 0x00000000eab00000)
  object space 475648K, 38% used [0x00000000c0000000,0x00000000cb1f9f50,0x00000000dd080000)
 Metaspace       used 155270K, capacity 165586K, committed 212352K, reserved 1208320K
  class space    used 21733K, capacity 25031K, committed 53632K, reserved 1048576K
Event: 18700.663 GC heap after
Heap after GC invocations=491 (full 59):
 PSYoungGen      total 242176K, used 12010K [0x00000000eab00000, 0x00000000fec80000, 0x0000000100000000)
  eden space 164352K, 0% used [0x00000000eab00000,0x00000000eab00000,0x00000000f4b80000)
  from space 77824K, 15% used [0x00000000fa080000,0x00000000fac3abe0,0x00000000fec80000)
  to   space 82432K, 0% used [0x00000000f4b80000,0x00000000f4b80000,0x00000000f9c00000)
 ParOldGen       total 475648K, used 194949K [0x00000000c0000000, 0x00000000dd080000, 0x00000000eab00000)
  object space 475648K, 40% used [0x00000000c0000000,0x00000000cbe61458,0x00000000dd080000)
 Metaspace       used 155270K, capacity 165586K, committed 212352K, reserved 1208320K
  class space    used 21733K, capacity 25031K, committed 53632K, reserved 1048576K
}
Event: 18700.663 GC heap before
{Heap before GC invocations=492 (full 60):
 PSYoungGen      total 242176K, used 12010K [0x00000000eab00000, 0x00000000fec80000, 0x0000000100000000)
  eden space 164352K, 0% used [0x00000000eab00000,0x00000000eab00000,0x00000000f4b80000)
  from space 77824K, 15% used [0x00000000fa080000,0x00000000fac3abe0,0x00000000fec80000)
  to   space 82432K, 0% used [0x00000000f4b80000,0x00000000f4b80000,0x00000000f9c00000)
 ParOldGen       total 475648K, used 194949K [0x00000000c0000000, 0x00000000dd080000, 0x00000000eab00000)
  object space 475648K, 40% used [0x00000000c0000000,0x00000000cbe61458,0x00000000dd080000)
 Metaspace       used 155270K, capacity 165586K, committed 212352K, reserved 1208320K
  class space    used 21733K, capacity 25031K, committed 53632K, reserved 1048576K
Event: 18701.576 GC heap after
Heap after GC invocations=492 (full 60):
 PSYoungGen      total 242176K, used 0K [0x00000000eab00000, 0x00000000fec80000, 0x0000000100000000)
  eden space 164352K, 0% used [0x00000000eab00000,0x00000000eab00000,0x00000000f4b80000)
  from space 77824K, 0% used [0x00000000fa080000,0x00000000fa080000,0x00000000fec80000)
  to   space 82432K, 0% used [0x00000000f4b80000,0x00000000f4b80000,0x00000000f9c00000)
 ParOldGen       total 475648K, used 184880K [0x00000000c0000000, 0x00000000dd080000, 0x00000000eab00000)
  object space 475648K, 38% used [0x00000000c0000000,0x00000000cb48c1a8,0x00000000dd080000)
 Metaspace       used 154499K, capacity 163666K, committed 212352K, reserved 1208320K
  class space    used 21452K, capacity 24413K, committed 53632K, reserved 1048576K
}
Event: 18703.993 GC heap before
{Heap before GC invocations=493 (full 60):
 PSYoungGen      total 242176K, used 164352K [0x00000000eab00000, 0x00000000fec80000, 0x0000000100000000)
  eden space 164352K, 100% used [0x00000000eab00000,0x00000000f4b80000,0x00000000f4b80000)
  from space 77824K, 0% used [0x00000000fa080000,0x00000000fa080000,0x00000000fec80000)
  to   space 82432K, 0% used [0x00000000f4b80000,0x00000000f4b80000,0x00000000f9c00000)
 ParOldGen       total 475648K, used 184880K [0x00000000c0000000, 0x00000000dd080000, 0x00000000eab00000)
  object space 475648K, 38% used [0x00000000c0000000,0x00000000cb48c1a8,0x00000000dd080000)
 Metaspace       used 159428K, capacity 169120K, committed 212352K, reserved 1208320K
  class space    used 22167K, capacity 25347K, committed 53632K, reserved 1048576K
Event: 18704.017 GC heap after
Heap after GC invocations=493 (full 60):
 PSYoungGen      total 246784K, used 18782K [0x00000000eab00000, 0x00000000ff180000, 0x0000000100000000)
  eden space 164352K, 0% used [0x00000000eab00000,0x00000000eab00000,0x00000000f4b80000)
  from space 82432K, 22% used [0x00000000f4b80000,0x00000000f5dd7928,0x00000000f9c00000)
  to   space 76800K, 0% used [0x00000000fa680000,0x00000000fa680000,0x00000000ff180000)
 ParOldGen       total 475648K, used 184880K [0x00000000c0000000, 0x00000000dd080000, 0x00000000eab00000)
  object space 475648K, 38% used [0x00000000c0000000,0x00000000cb48c1a8,0x00000000dd080000)
 Metaspace       used 159428K, capacity 169120K, committed 212352K, reserved 1208320K
  class space    used 22167K, capacity 25347K, committed 53632K, reserved 1048576K
}
Event: 18704.911 GC heap before
{Heap before GC invocations=494 (full 60):
 PSYoungGen      total 246784K, used 183134K [0x00000000eab00000, 0x00000000ff180000, 0x0000000100000000)
  eden space 164352K, 100% used [0x00000000eab00000,0x00000000f4b80000,0x00000000f4b80000)
  from space 82432K, 22% used [0x00000000f4b80000,0x00000000f5dd7928,0x00000000f9c00000)
  to   space 76800K, 0% used [0x00000000fa680000,0x00000000fa680000,0x00000000ff180000)
 ParOldGen       total 475648K, used 184880K [0x00000000c0000000, 0x00000000dd080000, 0x00000000eab00000)
  object space 475648K, 38% used [0x00000000c0000000,0x00000000cb48c1a8,0x00000000dd080000)
 Metaspace       used 162143K, capacity 172116K, committed 212352K, reserved 1208320K
  class space    used 22614K, capacity 25916K, committed 53632K, reserved 1048576K
Event: 18704.939 GC heap after
Heap after GC invocations=494 (full 60):
 PSYoungGen      total 249344K, used 15519K [0x00000000eab00000, 0x00000000fe980000, 0x0000000100000000)
  eden space 180736K, 0% used [0x00000000eab00000,0x00000000eab00000,0x00000000f5b80000)
  from space 68608K, 22% used [0x00000000fa680000,0x00000000fb5a7f98,0x00000000fe980000)
  to   space 72704K, 0% used [0x00000000f5b80000,0x00000000f5b80000,0x00000000fa280000)
 ParOldGen       total 475648K, used 198170K [0x00000000c0000000, 0x00000000dd080000, 0x00000000eab00000)
  object space 475648K, 41% used [0x00000000c0000000,0x00000000cc186810,0x00000000dd080000)
 Metaspace       used 162143K, capacity 172116K, committed 212352K, reserved 1208320K
  class space    used 22614K, capacity 25916K, committed 53632K, reserved 1048576K
}
Event: 18709.675 GC heap before
{Heap before GC invocations=495 (full 60):
 PSYoungGen      total 249344K, used 196255K [0x00000000eab00000, 0x00000000fe980000, 0x0000000100000000)
  eden space 180736K, 100% used [0x00000000eab00000,0x00000000f5b80000,0x00000000f5b80000)
  from space 68608K, 22% used [0x00000000fa680000,0x00000000fb5a7f98,0x00000000fe980000)
  to   space 72704K, 0% used [0x00000000f5b80000,0x00000000f5b80000,0x00000000fa280000)
 ParOldGen       total 475648K, used 198170K [0x00000000c0000000, 0x00000000dd080000, 0x00000000eab00000)
  object space 475648K, 41% used [0x00000000c0000000,0x00000000cc186810,0x00000000dd080000)
 Metaspace       used 164066K, capacity 174894K, committed 212352K, reserved 1208320K
  class space    used 22960K, capacity 26430K, committed 53632K, reserved 1048576K
Event: 18709.702 GC heap after
Heap after GC invocations=495 (full 60):
 PSYoungGen      total 253440K, used 9097K [0x00000000eab00000, 0x00000000ff200000, 0x0000000100000000)
  eden space 180736K, 0% used [0x00000000eab00000,0x00000000eab00000,0x00000000f5b80000)
  from space 72704K, 12% used [0x00000000f5b80000,0x00000000f64624b0,0x00000000fa280000)
  to   space 69120K, 0% used [0x00000000fae80000,0x00000000fae80000,0x00000000ff200000)
 ParOldGen       total 475648K, used 211874K [0x00000000c0000000, 0x00000000dd080000, 0x00000000eab00000)
  object space 475648K, 44% used [0x00000000c0000000,0x00000000ccee8b00,0x00000000dd080000)
 Metaspace       used 164066K, capacity 174894K, committed 212352K, reserved 1208320K
  class space    used 22960K, capacity 26430K, committed 53632K, reserved 1048576K
}

