# JRE version: Java(TM) SE Runtime Environment (8.0_11-b12) (build 1.8.0_11-b12)
# Java VM: Java HotSpot(TM) 64-Bit Server VM (25.11-b03 mixed mode windows-amd64 compressed oops)
Heap:
 PSYoungGen      total 232960K, used 94665K [0x00000000eab00000, 0x0000000100000000, 0x0000000100000000)
  eden space 116736K, 55% used [0x00000000eab00000,0x00000000eea04ac0,0x00000000f1d00000)
  from space 116224K, 25% used [0x00000000f8e80000,0x00000000fabed968,0x0000000100000000)
  to   space 116224K, 0% used [0x00000000f1d00000,0x00000000f1d00000,0x00000000f8e80000)
 ParOldGen       total 328192K, used 94338K [0x00000000c0000000, 0x00000000d4080000, 0x00000000eab00000)
  object space 328192K, 28% used [0x00000000c0000000,0x00000000c5c20b30,0x00000000d4080000)
 Metaspace       used 106634K, capacity 112682K, committed 135296K, reserved 1161216K
  class space    used 14816K, capacity 16770K, committed 24192K, reserved 1048576K
GC Heap History (10 events):
Event: 5986.844 GC heap before
{Heap before GC invocations=153 (full 22):
 PSYoungGen      total 232960K, used 203985K [0x00000000eab00000, 0x0000000100000000, 0x0000000100000000)
  eden space 116736K, 75% used [0x00000000eab00000,0x00000000f00b5850,0x00000000f1d00000)
  from space 116224K, 99% used [0x00000000f8e80000,0x00000000ffffee58,0x0000000100000000)
  to   space 116224K, 0% used [0x00000000f1d00000,0x00000000f1d00000,0x00000000f8e80000)
 ParOldGen       total 328192K, used 249930K [0x00000000c0000000, 0x00000000d4080000, 0x00000000eab00000)
  object space 328192K, 76% used [0x00000000c0000000,0x00000000cf412a20,0x00000000d4080000)
 Metaspace       used 101105K, capacity 109886K, committed 135296K, reserved 1161216K
  class space    used 14595K, capacity 17335K, committed 24192K, reserved 1048576K
Event: 5987.170 GC heap after
Heap after GC invocations=153 (full 22):
 PSYoungGen      total 232960K, used 92867K [0x00000000eab00000, 0x0000000100000000, 0x0000000100000000)
  eden space 116736K, 0% used [0x00000000eab00000,0x00000000eab00000,0x00000000f1d00000)
  from space 116224K, 79% used [0x00000000f1d00000,0x00000000f77b0f30,0x00000000f8e80000)
  to   space 116224K, 0% used [0x00000000f8e80000,0x00000000f8e80000,0x0000000100000000)
 ParOldGen       total 328192K, used 264478K [0x00000000c0000000, 0x00000000d4080000, 0x00000000eab00000)
  object space 328192K, 80% used [0x00000000c0000000,0x00000000d0247ac8,0x00000000d4080000)
 Metaspace       used 101105K, capacity 109886K, committed 135296K, reserved 1161216K
  class space    used 14595K, capacity 17335K, committed 24192K, reserved 1048576K
}
Event: 5987.170 GC heap before
{Heap before GC invocations=154 (full 23):
 PSYoungGen      total 232960K, used 92867K [0x00000000eab00000, 0x0000000100000000, 0x0000000100000000)
  eden space 116736K, 0% used [0x00000000eab00000,0x00000000eab00000,0x00000000f1d00000)
  from space 116224K, 79% used [0x00000000f1d00000,0x00000000f77b0f30,0x00000000f8e80000)
  to   space 116224K, 0% used [0x00000000f8e80000,0x00000000f8e80000,0x0000000100000000)
 ParOldGen       total 328192K, used 264478K [0x00000000c0000000, 0x00000000d4080000, 0x00000000eab00000)
  object space 328192K, 80% used [0x00000000c0000000,0x00000000d0247ac8,0x00000000d4080000)
 Metaspace       used 101105K, capacity 109886K, committed 135296K, reserved 1161216K
  class space    used 14595K, capacity 17335K, committed 24192K, reserved 1048576K
Event: 5988.132 GC heap after
Heap after GC invocations=154 (full 23):
 PSYoungGen      total 232960K, used 0K [0x00000000eab00000, 0x0000000100000000, 0x0000000100000000)
  eden space 116736K, 0% used [0x00000000eab00000,0x00000000eab00000,0x00000000f1d00000)
  from space 116224K, 0% used [0x00000000f1d00000,0x00000000f1d00000,0x00000000f8e80000)
  to   space 116224K, 0% used [0x00000000f8e80000,0x00000000f8e80000,0x0000000100000000)
 ParOldGen       total 328192K, used 94322K [0x00000000c0000000, 0x00000000d4080000, 0x00000000eab00000)
  object space 328192K, 28% used [0x00000000c0000000,0x00000000c5c1cb30,0x00000000d4080000)
 Metaspace       used 98040K, capacity 102822K, committed 135296K, reserved 1161216K
  class space    used 13478K, capacity 15017K, committed 24192K, reserved 1048576K
}
Event: 6074.887 GC heap before
{Heap before GC invocations=155 (full 23):
 PSYoungGen      total 232960K, used 116736K [0x00000000eab00000, 0x0000000100000000, 0x0000000100000000)
  eden space 116736K, 100% used [0x00000000eab00000,0x00000000f1d00000,0x00000000f1d00000)
  from space 116224K, 0% used [0x00000000f1d00000,0x00000000f1d00000,0x00000000f8e80000)
  to   space 116224K, 0% used [0x00000000f8e80000,0x00000000f8e80000,0x0000000100000000)
 ParOldGen       total 328192K, used 94322K [0x00000000c0000000, 0x00000000d4080000, 0x00000000eab00000)
  object space 328192K, 28% used [0x00000000c0000000,0x00000000c5c1cb30,0x00000000d4080000)
 Metaspace       used 102277K, capacity 107550K, committed 135296K, reserved 1161216K
  class space    used 14086K, capacity 15813K, committed 24192K, reserved 1048576K
Event: 6074.902 GC heap after
Heap after GC invocations=155 (full 23):
 PSYoungGen      total 232960K, used 13422K [0x00000000eab00000, 0x0000000100000000, 0x0000000100000000)
  eden space 116736K, 0% used [0x00000000eab00000,0x00000000eab00000,0x00000000f1d00000)
  from space 116224K, 11% used [0x00000000f8e80000,0x00000000f9b9bb10,0x0000000100000000)
  to   space 116224K, 0% used [0x00000000f1d00000,0x00000000f1d00000,0x00000000f8e80000)
 ParOldGen       total 328192K, used 94330K [0x00000000c0000000, 0x00000000d4080000, 0x00000000eab00000)
  object space 328192K, 28% used [0x00000000c0000000,0x00000000c5c1eb30,0x00000000d4080000)
 Metaspace       used 102277K, capacity 107550K, committed 135296K, reserved 1161216K
  class space    used 14086K, capacity 15813K, committed 24192K, reserved 1048576K
}
Event: 6075.634 GC heap before
{Heap before GC invocations=156 (full 23):
 PSYoungGen      total 232960K, used 130158K [0x00000000eab00000, 0x0000000100000000, 0x0000000100000000)
  eden space 116736K, 100% used [0x00000000eab00000,0x00000000f1d00000,0x00000000f1d00000)
  from space 116224K, 11% used [0x00000000f8e80000,0x00000000f9b9bb10,0x0000000100000000)
  to   space 116224K, 0% used [0x00000000f1d00000,0x00000000f1d00000,0x00000000f8e80000)
 ParOldGen       total 328192K, used 94330K [0x00000000c0000000, 0x00000000d4080000, 0x00000000eab00000)
  object space 328192K, 28% used [0x00000000c0000000,0x00000000c5c1eb30,0x00000000d4080000)
 Metaspace       used 104188K, capacity 109588K, committed 135296K, reserved 1161216K
  class space    used 14377K, capacity 16141K, committed 24192K, reserved 1048576K
Event: 6075.655 GC heap after
Heap after GC invocations=156 (full 23):
 PSYoungGen      total 232960K, used 21573K [0x00000000eab00000, 0x0000000100000000, 0x0000000100000000)
  eden space 116736K, 0% used [0x00000000eab00000,0x00000000eab00000,0x00000000f1d00000)
  from space 116224K, 18% used [0x00000000f1d00000,0x00000000f32117b0,0x00000000f8e80000)
  to   space 116224K, 0% used [0x00000000f8e80000,0x00000000f8e80000,0x0000000100000000)
 ParOldGen       total 328192K, used 94330K [0x00000000c0000000, 0x00000000d4080000, 0x00000000eab00000)
  object space 328192K, 28% used [0x00000000c0000000,0x00000000c5c1eb30,0x00000000d4080000)
 Metaspace       used 104188K, capacity 109588K, committed 135296K, reserved 1161216K
  class space    used 14377K, capacity 16141K, committed 24192K, reserved 1048576K
}
Event: 6076.496 GC heap before
{Heap before GC invocations=157 (full 23):
 PSYoungGen      total 232960K, used 138309K [0x00000000eab00000, 0x0000000100000000, 0x0000000100000000)
  eden space 116736K, 100% used [0x00000000eab00000,0x00000000f1d00000,0x00000000f1d00000)
  from space 116224K, 18% used [0x00000000f1d00000,0x00000000f32117b0,0x00000000f8e80000)
  to   space 116224K, 0% used [0x00000000f8e80000,0x00000000f8e80000,0x0000000100000000)
 ParOldGen       total 328192K, used 94330K [0x00000000c0000000, 0x00000000d4080000, 0x00000000eab00000)
  object space 328192K, 28% used [0x00000000c0000000,0x00000000c5c1eb30,0x00000000d4080000)
 Metaspace       used 105990K, capacity 111758K, committed 135296K, reserved 1161216K
  class space    used 14676K, capacity 16586K, committed 24192K, reserved 1048576K
Event: 6076.518 GC heap after
Heap after GC invocations=157 (full 23):
 PSYoungGen      total 232960K, used 30134K [0x00000000eab00000, 0x0000000100000000, 0x0000000100000000)
  eden space 116736K, 0% used [0x00000000eab00000,0x00000000eab00000,0x00000000f1d00000)
  from space 116224K, 25% used [0x00000000f8e80000,0x00000000fabed968,0x0000000100000000)
  to   space 116224K, 0% used [0x00000000f1d00000,0x00000000f1d00000,0x00000000f8e80000)
 ParOldGen       total 328192K, used 94338K [0x00000000c0000000, 0x00000000d4080000, 0x00000000eab00000)
  object space 328192K, 28% used [0x00000000c0000000,0x00000000c5c20b30,0x00000000d4080000)
 Metaspace       used 105990K, capacity 111758K, committed 135296K, reserved 1161216K
  class space    used 14676K, capacity 16586K, committed 24192K, reserved 1048576K
}

